-- The C compiler identification is GNU 13.3.0
-- The CXX compiler identification is GNU 13.3.0
-- Detecting C compiler ABI info
-- Detecting C compiler ABI info - done
-- Check for working C compiler: /usr/bin/cc - skipped
-- Detecting C compile features
-- Detecting C compile features - done
-- Detecting CXX compiler ABI info
-- Detecting CXX compiler ABI info - done
-- Check for working CXX compiler: /usr/bin/c++ - skipped
-- Detecting CXX compile features
-- Detecting CXX compile features - done
-- Found ament_cmake: 2.5.4 (/opt/ros/jazzy/share/ament_cmake/cmake)
-- Found Python3: /usr/bin/python3 (found version "3.12.3") found components: Interpreter 
-- Found rosidl_default_generators: 1.6.0 (/opt/ros/jazzy/share/rosidl_default_generators/cmake)
-- Using all available rosidl_typesupport_c: rosidl_typesupport_fastrtps_c;rosidl_typesupport_introspection_c
-- Using all available rosidl_typesupport_cpp: rosidl_typesupport_fastrtps_cpp;rosidl_typesupport_introspection_cpp
-- Found rosidl_adapter: 4.6.5 (/opt/ros/jazzy/share/rosidl_adapter/cmake)
-- Found geometry_msgs: 5.3.6 (/opt/ros/jazzy/share/geometry_msgs/cmake)
-- Found rclcpp: 28.1.10 (/opt/ros/jazzy/share/rclcpp/cmake)
-- Found rmw_implementation_cmake: 7.3.2 (/opt/ros/jazzy/share/rmw_implementation_cmake/cmake)
-- Found rmw_fastrtps_cpp: 8.4.2 (/opt/ros/jazzy/share/rmw_fastrtps_cpp/cmake)
-- Found OpenSSL: /usr/lib/x86_64-linux-gnu/libcrypto.so (found version "3.0.13")  
-- Found FastRTPS: /opt/ros/jazzy/include (Required is at least version "2.13") 
-- Using RMW implementation 'rmw_fastrtps_cpp' as default
-- Found sensor_msgs: 5.3.6 (/opt/ros/jazzy/share/sensor_msgs/cmake)
-- Found cv_bridge: 4.1.0 (/opt/ros/jazzy/share/cv_bridge/cmake)
-- Found image_transport: 5.1.7 (/opt/ros/jazzy/share/image_transport/cmake)
-- Found OpenCV: /usr (found version "4.6.0") 
-- Found ament_cmake_ros: 0.12.0 (/opt/ros/jazzy/share/ament_cmake_ros/cmake)
-- Using all available rosidl_typesupport_c: rosidl_typesupport_fastrtps_c;rosidl_typesupport_introspection_c
-- Using all available rosidl_typesupport_cpp: rosidl_typesupport_fastrtps_cpp;rosidl_typesupport_introspection_cpp
-- Found python_cmake_module: 0.11.1 (/opt/ros/jazzy/share/python_cmake_module/cmake)
-- Found PythonExtra: /usr/bin/python3  
-- Found Python3: /usr/bin/python3 (found version "3.12.3") found components: Interpreter Development NumPy Development.Module Development.Embed 
-- Found ament_lint_auto: 0.17.2 (/opt/ros/jazzy/share/ament_lint_auto/cmake)
-- Added test 'cppcheck' to perform static code analysis on C / C++ code
-- Configured cppcheck include dirs: $<BUILD_INTERFACE:/home/ieerasufcg/arena_ws/src/mocap_interfaces/build/mocap_interfaces/rosidl_generator_c>;$<BUILD_INTERFACE:/home/ieerasufcg/arena_ws/src/mocap_interfaces/build/mocap_interfaces/rosidl_typesupport_fastrtps_c>;$<BUILD_INTERFACE:/home/ieerasufcg/arena_ws/src/mocap_interfaces/build/mocap_interfaces/rosidl_typesupport_introspection_c>;$<BUILD_INTERFACE:/home/ieerasufcg/arena_ws/src/mocap_interfaces/build/mocap_interfaces/rosidl_generator_cpp>;$<BUILD_INTERFACE:/home/ieerasufcg/arena_ws/src/mocap_interfaces/build/mocap_interfaces/rosidl_typesupport_fastrtps_cpp>;$<BUILD_INTERFACE:/home/ieerasufcg/arena_ws/src/mocap_interfaces/build/mocap_interfaces/rosidl_typesupport_introspection_cpp>;/home/ieerasufcg/arena_ws/src/mocap_interfaces/build/mocap_interfaces/rosidl_generator_c;/home/ieerasufcg/arena_ws/src/mocap_interfaces/build/mocap_interfaces/rosidl_generator_py
-- Configured cppcheck exclude dirs and/or files: 
-- Added test 'flake8' to check Python code syntax and style conventions
-- Configured 'flake8' exclude dirs and/or files: 
-- Added test 'lint_cmake' to check CMake code style
-- Added test 'pep257' to check Python code against some of the docstring style conventions in PEP 257
-- Added test 'uncrustify' to check C / C++ code style
-- Configured uncrustify additional arguments: 
-- Added test 'xmllint' to check XML markup files
-- Configuring done (2.2s)
-- Generating done (0.0s)
-- Build files have been written to: /home/ieerasufcg/arena_ws/src/mocap_interfaces/build/mocap_interfaces
[  5%] [32mBuilding CXX object CMakeFiles/webcam_node.dir/src/webcam_publisher_node.cpp.o[0m
[  5%] [34m[1mGenerating type hashes for ROS interfaces[0m
[  5%] Built target ament_cmake_python_copy_mocap_interfaces
[  5%] Built target mocap_interfaces__rosidl_generator_type_description
[  8%] [34m[1mGenerating C code for ROS interfaces[0m
[ 11%] [34m[1mGenerating C++ code for ROS interfaces[0m
running egg_info
creating mocap_interfaces.egg-info
writing mocap_interfaces.egg-info/PKG-INFO
writing dependency_links to mocap_interfaces.egg-info/dependency_links.txt
writing top-level names to mocap_interfaces.egg-info/top_level.txt
writing manifest file 'mocap_interfaces.egg-info/SOURCES.txt'
reading manifest file 'mocap_interfaces.egg-info/SOURCES.txt'
writing manifest file 'mocap_interfaces.egg-info/SOURCES.txt'
[ 11%] Built target ament_cmake_python_build_mocap_interfaces_egg
[ 11%] Built target mocap_interfaces__cpp
[ 19%] [32mBuilding C object CMakeFiles/mocap_interfaces__rosidl_generator_c.dir/rosidl_generator_c/mocap_interfaces/msg/detail/target__type_support.c.o[0m
[ 19%] [32mBuilding C object CMakeFiles/mocap_interfaces__rosidl_generator_c.dir/rosidl_generator_c/mocap_interfaces/msg/detail/target__functions.c.o[0m
[ 19%] [32mBuilding C object CMakeFiles/mocap_interfaces__rosidl_generator_c.dir/rosidl_generator_c/mocap_interfaces/msg/detail/target__description.c.o[0m
[ 22%] [32m[1mLinking C shared library libmocap_interfaces__rosidl_generator_c.so[0m
[ 22%] Built target mocap_interfaces__rosidl_generator_c
