[0.007s] Invoking command in '/home/ieerasufcg/arena_ws/src/mocap_interfaces/build/mocap_interfaces': CMAKE_PREFIX_PATH=${CMAKE_PREFIX_PATH}:/home/ieerasufcg/arena_ws/install/system_logic:/home/ieerasufcg/arena_ws/src/system_logic/install/system_logic:/home/ieerasufcg/Documents/isaac-sim-standalone-5.0.0-linux-x86_64/IsaacSim-ros_workspaces/jazzy_ws/install/isaac_ros_navigation_goal:/opt/ros/jazzy DEBUGINFOD_URLS=https://debuginfod.ubuntu.com /usr/bin/cmake --build /home/ieerasufcg/arena_ws/src/mocap_interfaces/build/mocap_interfaces -- -j16 -l16
[0.023s] -- Found ament_cmake: 2.5.4 (/opt/ros/jazzy/share/ament_cmake/cmake)
[0.040s] -- Found Python3: /usr/bin/python3 (found version "3.12.3") found components: Interpreter 
[0.088s] -- Found rosidl_default_generators: 1.6.0 (/opt/ros/jazzy/share/rosidl_default_generators/cmake)
[0.090s] -- Using all available rosidl_typesupport_c: rosidl_typesupport_fastrtps_c;rosidl_typesupport_introspection_c
[0.113s] -- Using all available rosidl_typesupport_cpp: rosidl_typesupport_fastrtps_cpp;rosidl_typesupport_introspection_cpp
[0.129s] -- Found rosidl_adapter: 4.6.5 (/opt/ros/jazzy/share/rosidl_adapter/cmake)
[0.130s] -- Found geometry_msgs: 5.3.6 (/opt/ros/jazzy/share/geometry_msgs/cmake)
[0.156s] -- Found rclcpp: 28.1.10 (/opt/ros/jazzy/share/rclcpp/cmake)
[0.186s] -- Found rmw_implementation_cmake: 7.3.2 (/opt/ros/jazzy/share/rmw_implementation_cmake/cmake)
[0.187s] -- Found rmw_fastrtps_cpp: 8.4.2 (/opt/ros/jazzy/share/rmw_fastrtps_cpp/cmake)
[0.226s] -- Using RMW implementation 'rmw_fastrtps_cpp' as default
[0.264s] -- Found sensor_msgs: 5.3.6 (/opt/ros/jazzy/share/sensor_msgs/cmake)
[0.278s] -- Found cv_bridge: 4.1.0 (/opt/ros/jazzy/share/cv_bridge/cmake)
[0.284s] -- Found image_transport: 5.1.7 (/opt/ros/jazzy/share/image_transport/cmake)
[0.456s] -- Found ament_cmake_ros: 0.12.0 (/opt/ros/jazzy/share/ament_cmake_ros/cmake)
[0.560s] -- Using all available rosidl_typesupport_c: rosidl_typesupport_fastrtps_c;rosidl_typesupport_introspection_c
[0.692s] -- Using all available rosidl_typesupport_cpp: rosidl_typesupport_fastrtps_cpp;rosidl_typesupport_introspection_cpp
[0.693s] -- Found python_cmake_module: 0.11.1 (/opt/ros/jazzy/share/python_cmake_module/cmake)
[0.852s] -- Found Python3: /usr/bin/python3 (found version "3.12.3") found components: Interpreter Development NumPy Development.Module Development.Embed 
[0.875s] -- Found ament_lint_auto: 0.17.2 (/opt/ros/jazzy/share/ament_lint_auto/cmake)
[0.891s] -- Added test 'cppcheck' to perform static code analysis on C / C++ code
[0.891s] -- Configured cppcheck include dirs: $<BUILD_INTERFACE:/home/ieerasufcg/arena_ws/src/mocap_interfaces/build/mocap_interfaces/rosidl_generator_c>;$<BUILD_INTERFACE:/home/ieerasufcg/arena_ws/src/mocap_interfaces/build/mocap_interfaces/rosidl_typesupport_fastrtps_c>;$<BUILD_INTERFACE:/home/ieerasufcg/arena_ws/src/mocap_interfaces/build/mocap_interfaces/rosidl_typesupport_introspection_c>;$<BUILD_INTERFACE:/home/ieerasufcg/arena_ws/src/mocap_interfaces/build/mocap_interfaces/rosidl_generator_cpp>;$<BUILD_INTERFACE:/home/ieerasufcg/arena_ws/src/mocap_interfaces/build/mocap_interfaces/rosidl_typesupport_fastrtps_cpp>;$<BUILD_INTERFACE:/home/ieerasufcg/arena_ws/src/mocap_interfaces/build/mocap_interfaces/rosidl_typesupport_introspection_cpp>;/home/ieerasufcg/arena_ws/src/mocap_interfaces/build/mocap_interfaces/rosidl_generator_c;/home/ieerasufcg/arena_ws/src/mocap_interfaces/build/mocap_interfaces/rosidl_generator_py
[0.891s] -- Configured cppcheck exclude dirs and/or files: 
[0.893s] -- Added test 'flake8' to check Python code syntax and style conventions
[0.893s] -- Configured 'flake8' exclude dirs and/or files: 
[0.896s] -- Added test 'lint_cmake' to check CMake code style
[0.897s] -- Added test 'pep257' to check Python code against some of the docstring style conventions in PEP 257
[0.909s] -- Added test 'uncrustify' to check C / C++ code style
[0.909s] -- Configured uncrustify additional arguments: 
[0.910s] -- Added test 'xmllint' to check XML markup files
[0.911s] -- Configuring done (0.9s)
[0.938s] -- Generating done (0.0s)
[0.946s] -- Build files have been written to: /home/ieerasufcg/arena_ws/src/mocap_interfaces/build/mocap_interfaces
[0.970s] [  2%] Built target mocap_interfaces__rosidl_generator_type_description
[0.970s] [  5%] [32mBuilding CXX object CMakeFiles/webcam_node.dir/src/webcam_publisher_node.cpp.o[0m
[0.976s] [  5%] Built target ament_cmake_python_copy_mocap_interfaces
[0.983s] [  8%] Built target mocap_interfaces__cpp
[0.983s] [ 22%] Built target mocap_interfaces__rosidl_generator_c
[0.998s] [ 38%] Built target mocap_interfaces__rosidl_typesupport_introspection_c
[0.998s] [ 38%] Built target mocap_interfaces__rosidl_typesupport_c
[0.999s] [ 47%] Built target mocap_interfaces__rosidl_typesupport_cpp
[0.999s] [ 55%] Built target mocap_interfaces__rosidl_typesupport_fastrtps_cpp
[1.000s] [ 63%] Built target mocap_interfaces__rosidl_typesupport_introspection_cpp
[1.001s] [ 72%] Built target mocap_interfaces__rosidl_typesupport_fastrtps_c
[1.015s] [ 72%] Built target mocap_interfaces
[1.029s] [ 75%] [34m[1mGenerating Python code for ROS interfaces[0m
[1.131s] running egg_info
[1.146s] writing mocap_interfaces.egg-info/PKG-INFO
[1.146s] writing dependency_links to mocap_interfaces.egg-info/dependency_links.txt
[1.147s] writing top-level names to mocap_interfaces.egg-info/top_level.txt
[1.148s] [01m[K/home/ieerasufcg/arena_ws/src/mocap_interfaces/src/webcam_publisher_node.cpp:11:10:[m[K [01;31m[Kfatal error: [m[Kcv_bridge/cv_bridge.h: No such file or directory
[1.148s]    11 | #include [01;31m[K"cv_bridge/cv_bridge.h"[m[K
[1.148s]       |          [01;31m[K^~~~~~~~~~~~~~~~~~~~~~~[m[K
[1.148s] compilation terminated.
[1.151s] gmake[2]: *** [CMakeFiles/webcam_node.dir/build.make:76: CMakeFiles/webcam_node.dir/src/webcam_publisher_node.cpp.o] Error 1
[1.151s] gmake[1]: *** [CMakeFiles/Makefile2:623: CMakeFiles/webcam_node.dir/all] Error 2
[1.151s] gmake[1]: *** Waiting for unfinished jobs....
[1.178s] [ 75%] Built target mocap_interfaces__py
[1.191s] reading manifest file 'mocap_interfaces.egg-info/SOURCES.txt'
[1.191s] writing manifest file 'mocap_interfaces.egg-info/SOURCES.txt'
[1.208s] [ 75%] Built target ament_cmake_python_build_mocap_interfaces_egg
[1.208s] gmake: *** [Makefile:146: all] Error 2
[1.210s] Invoked command in '/home/ieerasufcg/arena_ws/src/mocap_interfaces/build/mocap_interfaces' returned '2': CMAKE_PREFIX_PATH=${CMAKE_PREFIX_PATH}:/home/ieerasufcg/arena_ws/install/system_logic:/home/ieerasufcg/arena_ws/src/system_logic/install/system_logic:/home/ieerasufcg/Documents/isaac-sim-standalone-5.0.0-linux-x86_64/IsaacSim-ros_workspaces/jazzy_ws/install/isaac_ros_navigation_goal:/opt/ros/jazzy DEBUGINFOD_URLS=https://debuginfod.ubuntu.com /usr/bin/cmake --build /home/ieerasufcg/arena_ws/src/mocap_interfaces/build/mocap_interfaces -- -j16 -l16
