[0.006s] Invoking command in '/home/ieerasufcg/arena_ws/build/mocap_interfaces': CMAKE_PREFIX_PATH=${CMAKE_PREFIX_PATH}:/opt/ros/jazzy DEBUGINFOD_URLS=https://debuginfod.ubuntu.com /usr/bin/cmake --build /home/ieerasufcg/arena_ws/build/mocap_interfaces -- -j16 -l16
[0.037s] [  2%] Built target mocap_interfaces__rosidl_generator_type_description
[0.042s] [  2%] Built target ament_cmake_python_copy_mocap_interfaces
[0.044s] [  8%] Built target webcam_node
[0.048s] [ 11%] Built target mocap_interfaces__cpp
[0.049s] [ 25%] Built target mocap_interfaces__rosidl_generator_c
[0.064s] [ 75%] Built target mocap_interfaces__rosidl_typesupport_introspection_c
[0.064s] [ 75%] Built target mocap_interfaces__rosidl_typesupport_fastrtps_c
[0.064s] [ 75%] Built target mocap_interfaces__rosidl_typesupport_introspection_cpp
[0.064s] [ 75%] Built target mocap_interfaces__rosidl_typesupport_fastrtps_cpp
[0.064s] [ 75%] Built target mocap_interfaces__rosidl_typesupport_c
[0.064s] [ 75%] Built target mocap_interfaces__rosidl_typesupport_cpp
[0.077s] [ 75%] Built target mocap_interfaces
[0.090s] [ 77%] Built target mocap_interfaces__py
[0.104s] [ 83%] Built target mocap_interfaces__rosidl_generator_py
[0.118s] [100%] Built target mocap_interfaces_s__rosidl_typesupport_introspection_c
[0.118s] [100%] Built target mocap_interfaces_s__rosidl_typesupport_fastrtps_c
[0.118s] [100%] Built target mocap_interfaces_s__rosidl_typesupport_c
[0.189s] running egg_info
[0.202s] writing mocap_interfaces.egg-info/PKG-INFO
[0.203s] writing dependency_links to mocap_interfaces.egg-info/dependency_links.txt
[0.203s] writing top-level names to mocap_interfaces.egg-info/top_level.txt
[0.242s] reading manifest file 'mocap_interfaces.egg-info/SOURCES.txt'
[0.243s] writing manifest file 'mocap_interfaces.egg-info/SOURCES.txt'
[0.259s] [100%] Built target ament_cmake_python_build_mocap_interfaces_egg
[0.266s] Invoked command in '/home/ieerasufcg/arena_ws/build/mocap_interfaces' returned '0': CMAKE_PREFIX_PATH=${CMAKE_PREFIX_PATH}:/opt/ros/jazzy DEBUGINFOD_URLS=https://debuginfod.ubuntu.com /usr/bin/cmake --build /home/ieerasufcg/arena_ws/build/mocap_interfaces -- -j16 -l16
[0.272s] Invoking command in '/home/ieerasufcg/arena_ws/build/mocap_interfaces': CMAKE_PREFIX_PATH=${CMAKE_PREFIX_PATH}:/opt/ros/jazzy DEBUGINFOD_URLS=https://debuginfod.ubuntu.com /usr/bin/cmake --install /home/ieerasufcg/arena_ws/build/mocap_interfaces
[0.277s] -- Install configuration: ""
[0.277s] -- Up-to-date: /home/ieerasufcg/arena_ws/install/mocap_interfaces/share/ament_index/resource_index/rosidl_interfaces/mocap_interfaces
[0.277s] -- Up-to-date: /home/ieerasufcg/arena_ws/install/mocap_interfaces/share/mocap_interfaces/msg/Target.json
[0.277s] -- Up-to-date: /home/ieerasufcg/arena_ws/install/mocap_interfaces/include/mocap_interfaces/mocap_interfaces
[0.277s] -- Up-to-date: /home/ieerasufcg/arena_ws/install/mocap_interfaces/include/mocap_interfaces/mocap_interfaces/msg
[0.277s] -- Up-to-date: /home/ieerasufcg/arena_ws/install/mocap_interfaces/include/mocap_interfaces/mocap_interfaces/msg/detail
[0.277s] -- Up-to-date: /home/ieerasufcg/arena_ws/install/mocap_interfaces/include/mocap_interfaces/mocap_interfaces/msg/detail/target__description.c
[0.277s] -- Up-to-date: /home/ieerasufcg/arena_ws/install/mocap_interfaces/include/mocap_interfaces/mocap_interfaces/msg/detail/target__type_support.h
[0.277s] -- Up-to-date: /home/ieerasufcg/arena_ws/install/mocap_interfaces/include/mocap_interfaces/mocap_interfaces/msg/detail/target__struct.h
[0.277s] -- Up-to-date: /home/ieerasufcg/arena_ws/install/mocap_interfaces/include/mocap_interfaces/mocap_interfaces/msg/detail/target__functions.h
[0.277s] -- Up-to-date: /home/ieerasufcg/arena_ws/install/mocap_interfaces/include/mocap_interfaces/mocap_interfaces/msg/detail/target__functions.c
[0.277s] -- Installing: /home/ieerasufcg/arena_ws/install/mocap_interfaces/include/mocap_interfaces/mocap_interfaces/msg/detail/target__type_support.c
[0.277s] -- Up-to-date: /home/ieerasufcg/arena_ws/install/mocap_interfaces/include/mocap_interfaces/mocap_interfaces/msg/target.h
[0.277s] -- Up-to-date: /home/ieerasufcg/arena_ws/install/mocap_interfaces/include/mocap_interfaces/mocap_interfaces/msg/rosidl_generator_c__visibility_control.h
[0.277s] -- Up-to-date: /home/ieerasufcg/arena_ws/install/mocap_interfaces/share/mocap_interfaces/environment/library_path.sh
[0.277s] -- Up-to-date: /home/ieerasufcg/arena_ws/install/mocap_interfaces/share/mocap_interfaces/environment/library_path.dsv
[0.277s] -- Up-to-date: /home/ieerasufcg/arena_ws/install/mocap_interfaces/lib/libmocap_interfaces__rosidl_generator_c.so
[0.277s] -- Up-to-date: /home/ieerasufcg/arena_ws/install/mocap_interfaces/include/mocap_interfaces/mocap_interfaces
[0.277s] -- Up-to-date: /home/ieerasufcg/arena_ws/install/mocap_interfaces/include/mocap_interfaces/mocap_interfaces/msg
[0.277s] -- Up-to-date: /home/ieerasufcg/arena_ws/install/mocap_interfaces/include/mocap_interfaces/mocap_interfaces/msg/detail
[0.278s] -- Up-to-date: /home/ieerasufcg/arena_ws/install/mocap_interfaces/include/mocap_interfaces/mocap_interfaces/msg/detail/target__rosidl_typesupport_fastrtps_c.h
[0.278s] -- Up-to-date: /home/ieerasufcg/arena_ws/install/mocap_interfaces/include/mocap_interfaces/mocap_interfaces/msg/rosidl_typesupport_fastrtps_c__visibility_control.h
[0.278s] -- Up-to-date: /home/ieerasufcg/arena_ws/install/mocap_interfaces/lib/libmocap_interfaces__rosidl_typesupport_fastrtps_c.so
[0.278s] -- Up-to-date: /home/ieerasufcg/arena_ws/install/mocap_interfaces/include/mocap_interfaces/mocap_interfaces
[0.278s] -- Up-to-date: /home/ieerasufcg/arena_ws/install/mocap_interfaces/include/mocap_interfaces/mocap_interfaces/msg
[0.278s] -- Up-to-date: /home/ieerasufcg/arena_ws/install/mocap_interfaces/include/mocap_interfaces/mocap_interfaces/msg/rosidl_typesupport_introspection_c__visibility_control.h
[0.278s] -- Up-to-date: /home/ieerasufcg/arena_ws/install/mocap_interfaces/include/mocap_interfaces/mocap_interfaces/msg/detail
[0.278s] -- Up-to-date: /home/ieerasufcg/arena_ws/install/mocap_interfaces/include/mocap_interfaces/mocap_interfaces/msg/detail/target__rosidl_typesupport_introspection_c.h
[0.278s] -- Installing: /home/ieerasufcg/arena_ws/install/mocap_interfaces/include/mocap_interfaces/mocap_interfaces/msg/detail/target__type_support.c
[0.278s] -- Up-to-date: /home/ieerasufcg/arena_ws/install/mocap_interfaces/lib/libmocap_interfaces__rosidl_typesupport_introspection_c.so
[0.278s] -- Up-to-date: /home/ieerasufcg/arena_ws/install/mocap_interfaces/lib/libmocap_interfaces__rosidl_typesupport_c.so
[0.278s] -- Up-to-date: /home/ieerasufcg/arena_ws/install/mocap_interfaces/include/mocap_interfaces/mocap_interfaces
[0.278s] -- Up-to-date: /home/ieerasufcg/arena_ws/install/mocap_interfaces/include/mocap_interfaces/mocap_interfaces/msg
[0.278s] -- Up-to-date: /home/ieerasufcg/arena_ws/install/mocap_interfaces/include/mocap_interfaces/mocap_interfaces/msg/target.hpp
[0.278s] -- Up-to-date: /home/ieerasufcg/arena_ws/install/mocap_interfaces/include/mocap_interfaces/mocap_interfaces/msg/detail
[0.278s] -- Up-to-date: /home/ieerasufcg/arena_ws/install/mocap_interfaces/include/mocap_interfaces/mocap_interfaces/msg/detail/target__struct.hpp
[0.278s] -- Up-to-date: /home/ieerasufcg/arena_ws/install/mocap_interfaces/include/mocap_interfaces/mocap_interfaces/msg/detail/target__traits.hpp
[0.278s] -- Up-to-date: /home/ieerasufcg/arena_ws/install/mocap_interfaces/include/mocap_interfaces/mocap_interfaces/msg/detail/target__builder.hpp
[0.278s] -- Up-to-date: /home/ieerasufcg/arena_ws/install/mocap_interfaces/include/mocap_interfaces/mocap_interfaces/msg/detail/target__type_support.hpp
[0.278s] -- Up-to-date: /home/ieerasufcg/arena_ws/install/mocap_interfaces/include/mocap_interfaces/mocap_interfaces/msg/rosidl_generator_cpp__visibility_control.hpp
[0.278s] -- Up-to-date: /home/ieerasufcg/arena_ws/install/mocap_interfaces/include/mocap_interfaces/mocap_interfaces
[0.279s] -- Up-to-date: /home/ieerasufcg/arena_ws/install/mocap_interfaces/include/mocap_interfaces/mocap_interfaces/msg
[0.279s] -- Up-to-date: /home/ieerasufcg/arena_ws/install/mocap_interfaces/include/mocap_interfaces/mocap_interfaces/msg/detail
[0.279s] -- Up-to-date: /home/ieerasufcg/arena_ws/install/mocap_interfaces/include/mocap_interfaces/mocap_interfaces/msg/detail/dds_fastrtps
[0.279s] -- Up-to-date: /home/ieerasufcg/arena_ws/install/mocap_interfaces/include/mocap_interfaces/mocap_interfaces/msg/detail/target__rosidl_typesupport_fastrtps_cpp.hpp
[0.279s] -- Up-to-date: /home/ieerasufcg/arena_ws/install/mocap_interfaces/include/mocap_interfaces/mocap_interfaces/msg/rosidl_typesupport_fastrtps_cpp__visibility_control.h
[0.279s] -- Up-to-date: /home/ieerasufcg/arena_ws/install/mocap_interfaces/lib/libmocap_interfaces__rosidl_typesupport_fastrtps_cpp.so
[0.279s] -- Up-to-date: /home/ieerasufcg/arena_ws/install/mocap_interfaces/include/mocap_interfaces/mocap_interfaces
[0.279s] -- Up-to-date: /home/ieerasufcg/arena_ws/install/mocap_interfaces/include/mocap_interfaces/mocap_interfaces/msg
[0.279s] -- Up-to-date: /home/ieerasufcg/arena_ws/install/mocap_interfaces/include/mocap_interfaces/mocap_interfaces/msg/detail
[0.279s] -- Up-to-date: /home/ieerasufcg/arena_ws/install/mocap_interfaces/include/mocap_interfaces/mocap_interfaces/msg/detail/target__rosidl_typesupport_introspection_cpp.hpp
[0.279s] -- Up-to-date: /home/ieerasufcg/arena_ws/install/mocap_interfaces/include/mocap_interfaces/mocap_interfaces/msg/detail/target__type_support.cpp
[0.279s] -- Up-to-date: /home/ieerasufcg/arena_ws/install/mocap_interfaces/lib/libmocap_interfaces__rosidl_typesupport_introspection_cpp.so
[0.279s] -- Up-to-date: /home/ieerasufcg/arena_ws/install/mocap_interfaces/lib/libmocap_interfaces__rosidl_typesupport_cpp.so
[0.279s] -- Up-to-date: /home/ieerasufcg/arena_ws/install/mocap_interfaces/share/mocap_interfaces/environment/pythonpath.sh
[0.279s] -- Up-to-date: /home/ieerasufcg/arena_ws/install/mocap_interfaces/share/mocap_interfaces/environment/pythonpath.dsv
[0.279s] -- Up-to-date: /home/ieerasufcg/arena_ws/install/mocap_interfaces/lib/python3.12/site-packages/mocap_interfaces-0.0.0-py3.12.egg-info
[0.279s] -- Installing: /home/ieerasufcg/arena_ws/install/mocap_interfaces/lib/python3.12/site-packages/mocap_interfaces-0.0.0-py3.12.egg-info/dependency_links.txt
[0.279s] -- Installing: /home/ieerasufcg/arena_ws/install/mocap_interfaces/lib/python3.12/site-packages/mocap_interfaces-0.0.0-py3.12.egg-info/SOURCES.txt
[0.279s] -- Installing: /home/ieerasufcg/arena_ws/install/mocap_interfaces/lib/python3.12/site-packages/mocap_interfaces-0.0.0-py3.12.egg-info/top_level.txt
[0.279s] -- Installing: /home/ieerasufcg/arena_ws/install/mocap_interfaces/lib/python3.12/site-packages/mocap_interfaces-0.0.0-py3.12.egg-info/PKG-INFO
[0.279s] -- Up-to-date: /home/ieerasufcg/arena_ws/install/mocap_interfaces/lib/python3.12/site-packages/mocap_interfaces
[0.279s] -- Up-to-date: /home/ieerasufcg/arena_ws/install/mocap_interfaces/lib/python3.12/site-packages/mocap_interfaces/_mocap_interfaces_s.ep.rosidl_typesupport_introspection_c.c
[0.279s] -- Up-to-date: /home/ieerasufcg/arena_ws/install/mocap_interfaces/lib/python3.12/site-packages/mocap_interfaces/_mocap_interfaces_s.ep.rosidl_typesupport_c.c
[0.280s] -- Up-to-date: /home/ieerasufcg/arena_ws/install/mocap_interfaces/lib/python3.12/site-packages/mocap_interfaces/mocap_interfaces_s__rosidl_typesupport_introspection_c.so
[0.280s] -- Up-to-date: /home/ieerasufcg/arena_ws/install/mocap_interfaces/lib/python3.12/site-packages/mocap_interfaces/_mocap_interfaces_s.ep.rosidl_typesupport_fastrtps_c.c
[0.280s] -- Up-to-date: /home/ieerasufcg/arena_ws/install/mocap_interfaces/lib/python3.12/site-packages/mocap_interfaces/__init__.py
[0.280s] -- Up-to-date: /home/ieerasufcg/arena_ws/install/mocap_interfaces/lib/python3.12/site-packages/mocap_interfaces/msg
[0.280s] -- Up-to-date: /home/ieerasufcg/arena_ws/install/mocap_interfaces/lib/python3.12/site-packages/mocap_interfaces/msg/_target.py
[0.280s] -- Up-to-date: /home/ieerasufcg/arena_ws/install/mocap_interfaces/lib/python3.12/site-packages/mocap_interfaces/msg/_target_s.c
[0.280s] -- Up-to-date: /home/ieerasufcg/arena_ws/install/mocap_interfaces/lib/python3.12/site-packages/mocap_interfaces/msg/__init__.py
[0.280s] -- Up-to-date: /home/ieerasufcg/arena_ws/install/mocap_interfaces/lib/python3.12/site-packages/mocap_interfaces/mocap_interfaces_s__rosidl_typesupport_c.so
[0.280s] -- Up-to-date: /home/ieerasufcg/arena_ws/install/mocap_interfaces/lib/python3.12/site-packages/mocap_interfaces/mocap_interfaces_s__rosidl_typesupport_fastrtps_c.so
[0.299s] Listing '/home/ieerasufcg/arena_ws/install/mocap_interfaces/lib/python3.12/site-packages/mocap_interfaces'...
[0.299s] Listing '/home/ieerasufcg/arena_ws/install/mocap_interfaces/lib/python3.12/site-packages/mocap_interfaces/msg'...
[0.303s] -- Up-to-date: /home/ieerasufcg/arena_ws/install/mocap_interfaces/lib/python3.12/site-packages/mocap_interfaces/mocap_interfaces_s__rosidl_typesupport_fastrtps_c.so
[0.303s] -- Up-to-date: /home/ieerasufcg/arena_ws/install/mocap_interfaces/lib/python3.12/site-packages/mocap_interfaces/mocap_interfaces_s__rosidl_typesupport_introspection_c.so
[0.303s] -- Up-to-date: /home/ieerasufcg/arena_ws/install/mocap_interfaces/lib/python3.12/site-packages/mocap_interfaces/mocap_interfaces_s__rosidl_typesupport_c.so
[0.303s] -- Up-to-date: /home/ieerasufcg/arena_ws/install/mocap_interfaces/lib/libmocap_interfaces__rosidl_generator_py.so
[0.303s] -- Up-to-date: /home/ieerasufcg/arena_ws/install/mocap_interfaces/share/mocap_interfaces/msg/Target.idl
[0.303s] -- Up-to-date: /home/ieerasufcg/arena_ws/install/mocap_interfaces/share/mocap_interfaces/msg/Target.msg
[0.303s] -- Up-to-date: /home/ieerasufcg/arena_ws/install/mocap_interfaces/lib/mocap_interfaces/webcam_node
[0.303s] -- Up-to-date: /home/ieerasufcg/arena_ws/install/mocap_interfaces/share/ament_index/resource_index/package_run_dependencies/mocap_interfaces
[0.303s] -- Up-to-date: /home/ieerasufcg/arena_ws/install/mocap_interfaces/share/ament_index/resource_index/parent_prefix_path/mocap_interfaces
[0.303s] -- Up-to-date: /home/ieerasufcg/arena_ws/install/mocap_interfaces/share/mocap_interfaces/environment/ament_prefix_path.sh
[0.303s] -- Up-to-date: /home/ieerasufcg/arena_ws/install/mocap_interfaces/share/mocap_interfaces/environment/ament_prefix_path.dsv
[0.303s] -- Up-to-date: /home/ieerasufcg/arena_ws/install/mocap_interfaces/share/mocap_interfaces/environment/path.sh
[0.303s] -- Up-to-date: /home/ieerasufcg/arena_ws/install/mocap_interfaces/share/mocap_interfaces/environment/path.dsv
[0.303s] -- Up-to-date: /home/ieerasufcg/arena_ws/install/mocap_interfaces/share/mocap_interfaces/local_setup.bash
[0.304s] -- Up-to-date: /home/ieerasufcg/arena_ws/install/mocap_interfaces/share/mocap_interfaces/local_setup.sh
[0.304s] -- Up-to-date: /home/ieerasufcg/arena_ws/install/mocap_interfaces/share/mocap_interfaces/local_setup.zsh
[0.304s] -- Up-to-date: /home/ieerasufcg/arena_ws/install/mocap_interfaces/share/mocap_interfaces/local_setup.dsv
[0.304s] -- Installing: /home/ieerasufcg/arena_ws/install/mocap_interfaces/share/mocap_interfaces/package.dsv
[0.304s] -- Up-to-date: /home/ieerasufcg/arena_ws/install/mocap_interfaces/share/ament_index/resource_index/packages/mocap_interfaces
[0.304s] -- Up-to-date: /home/ieerasufcg/arena_ws/install/mocap_interfaces/share/mocap_interfaces/cmake/export_mocap_interfaces__rosidl_generator_cExport.cmake
[0.304s] -- Up-to-date: /home/ieerasufcg/arena_ws/install/mocap_interfaces/share/mocap_interfaces/cmake/export_mocap_interfaces__rosidl_generator_cExport-noconfig.cmake
[0.304s] -- Up-to-date: /home/ieerasufcg/arena_ws/install/mocap_interfaces/share/mocap_interfaces/cmake/export_mocap_interfaces__rosidl_typesupport_fastrtps_cExport.cmake
[0.304s] -- Up-to-date: /home/ieerasufcg/arena_ws/install/mocap_interfaces/share/mocap_interfaces/cmake/export_mocap_interfaces__rosidl_typesupport_fastrtps_cExport-noconfig.cmake
[0.304s] -- Up-to-date: /home/ieerasufcg/arena_ws/install/mocap_interfaces/share/mocap_interfaces/cmake/mocap_interfaces__rosidl_typesupport_introspection_cExport.cmake
[0.304s] -- Up-to-date: /home/ieerasufcg/arena_ws/install/mocap_interfaces/share/mocap_interfaces/cmake/mocap_interfaces__rosidl_typesupport_introspection_cExport-noconfig.cmake
[0.304s] -- Up-to-date: /home/ieerasufcg/arena_ws/install/mocap_interfaces/share/mocap_interfaces/cmake/mocap_interfaces__rosidl_typesupport_cExport.cmake
[0.304s] -- Up-to-date: /home/ieerasufcg/arena_ws/install/mocap_interfaces/share/mocap_interfaces/cmake/mocap_interfaces__rosidl_typesupport_cExport-noconfig.cmake
[0.304s] -- Up-to-date: /home/ieerasufcg/arena_ws/install/mocap_interfaces/share/mocap_interfaces/cmake/export_mocap_interfaces__rosidl_generator_cppExport.cmake
[0.304s] -- Up-to-date: /home/ieerasufcg/arena_ws/install/mocap_interfaces/share/mocap_interfaces/cmake/export_mocap_interfaces__rosidl_typesupport_fastrtps_cppExport.cmake
[0.304s] -- Up-to-date: /home/ieerasufcg/arena_ws/install/mocap_interfaces/share/mocap_interfaces/cmake/export_mocap_interfaces__rosidl_typesupport_fastrtps_cppExport-noconfig.cmake
[0.304s] -- Up-to-date: /home/ieerasufcg/arena_ws/install/mocap_interfaces/share/mocap_interfaces/cmake/mocap_interfaces__rosidl_typesupport_introspection_cppExport.cmake
[0.304s] -- Up-to-date: /home/ieerasufcg/arena_ws/install/mocap_interfaces/share/mocap_interfaces/cmake/mocap_interfaces__rosidl_typesupport_introspection_cppExport-noconfig.cmake
[0.304s] -- Up-to-date: /home/ieerasufcg/arena_ws/install/mocap_interfaces/share/mocap_interfaces/cmake/mocap_interfaces__rosidl_typesupport_cppExport.cmake
[0.304s] -- Up-to-date: /home/ieerasufcg/arena_ws/install/mocap_interfaces/share/mocap_interfaces/cmake/mocap_interfaces__rosidl_typesupport_cppExport-noconfig.cmake
[0.304s] -- Up-to-date: /home/ieerasufcg/arena_ws/install/mocap_interfaces/share/mocap_interfaces/cmake/export_mocap_interfaces__rosidl_generator_pyExport.cmake
[0.305s] -- Up-to-date: /home/ieerasufcg/arena_ws/install/mocap_interfaces/share/mocap_interfaces/cmake/export_mocap_interfaces__rosidl_generator_pyExport-noconfig.cmake
[0.305s] -- Up-to-date: /home/ieerasufcg/arena_ws/install/mocap_interfaces/share/mocap_interfaces/cmake/rosidl_cmake-extras.cmake
[0.305s] -- Up-to-date: /home/ieerasufcg/arena_ws/install/mocap_interfaces/share/mocap_interfaces/cmake/ament_cmake_export_dependencies-extras.cmake
[0.305s] -- Up-to-date: /home/ieerasufcg/arena_ws/install/mocap_interfaces/share/mocap_interfaces/cmake/ament_cmake_export_include_directories-extras.cmake
[0.305s] -- Up-to-date: /home/ieerasufcg/arena_ws/install/mocap_interfaces/share/mocap_interfaces/cmake/ament_cmake_export_libraries-extras.cmake
[0.305s] -- Up-to-date: /home/ieerasufcg/arena_ws/install/mocap_interfaces/share/mocap_interfaces/cmake/ament_cmake_export_targets-extras.cmake
[0.305s] -- Up-to-date: /home/ieerasufcg/arena_ws/install/mocap_interfaces/share/mocap_interfaces/cmake/rosidl_cmake_export_typesupport_targets-extras.cmake
[0.305s] -- Up-to-date: /home/ieerasufcg/arena_ws/install/mocap_interfaces/share/mocap_interfaces/cmake/rosidl_cmake_export_typesupport_libraries-extras.cmake
[0.305s] -- Up-to-date: /home/ieerasufcg/arena_ws/install/mocap_interfaces/share/mocap_interfaces/cmake/mocap_interfacesConfig.cmake
[0.305s] -- Up-to-date: /home/ieerasufcg/arena_ws/install/mocap_interfaces/share/mocap_interfaces/cmake/mocap_interfacesConfig-version.cmake
[0.305s] -- Up-to-date: /home/ieerasufcg/arena_ws/install/mocap_interfaces/share/mocap_interfaces/package.xml
[0.306s] Invoked command in '/home/ieerasufcg/arena_ws/build/mocap_interfaces' returned '0': CMAKE_PREFIX_PATH=${CMAKE_PREFIX_PATH}:/opt/ros/jazzy DEBUGINFOD_URLS=https://debuginfod.ubuntu.com /usr/bin/cmake --install /home/ieerasufcg/arena_ws/build/mocap_interfaces
