[  5%] [32mBuilding CXX object CMakeFiles/webcam_node.dir/src/webcam_publisher_node.cpp.o[0m
[  5%] Built target mocap_interfaces__rosidl_generator_type_description
[  5%] Built target ament_cmake_python_copy_mocap_interfaces
[  8%] Built target mocap_interfaces__cpp
[ 22%] Built target mocap_interfaces__rosidl_generator_c
[ 38%] [34m[1mGenerating C introspection for ROS interfaces[0m
[ 38%] [34m[1mGenerating C++ type support for eProsima Fast-RTPS[0m
[ 38%] [34m[1mGenerating C type support for eProsima Fast-RTPS[0m
[ 38%] [34m[1mGenerating C++ introspection for ROS interfaces[0m
[ 38%] [34m[1mGenerating C type support dispatch for ROS interfaces[0m
[ 38%] [34m[1mGenerating C++ type support dispatch for ROS interfaces[0m
[ 41%] [32mBuilding CXX object CMakeFiles/mocap_interfaces__rosidl_typesupport_cpp.dir/rosidl_typesupport_cpp/mocap_interfaces/msg/target__type_support.cpp.o[0m
[ 44%] [32mBuilding CXX object CMakeFiles/mocap_interfaces__rosidl_typesupport_c.dir/rosidl_typesupport_c/mocap_interfaces/msg/target__type_support.cpp.o[0m
[ 47%] [32mBuilding CXX object CMakeFiles/mocap_interfaces__rosidl_typesupport_introspection_cpp.dir/rosidl_typesupport_introspection_cpp/mocap_interfaces/msg/detail/target__type_support.cpp.o[0m
[ 50%] [32mBuilding C object CMakeFiles/mocap_interfaces__rosidl_typesupport_introspection_c.dir/rosidl_typesupport_introspection_c/mocap_interfaces/msg/detail/target__type_support.c.o[0m
running egg_info
[ 52%] [32mBuilding CXX object CMakeFiles/mocap_interfaces__rosidl_typesupport_fastrtps_cpp.dir/rosidl_typesupport_fastrtps_cpp/mocap_interfaces/msg/detail/dds_fastrtps/target__type_support.cpp.o[0m
[ 55%] [32mBuilding CXX object CMakeFiles/mocap_interfaces__rosidl_typesupport_fastrtps_c.dir/rosidl_typesupport_fastrtps_c/mocap_interfaces/msg/detail/target__type_support_c.cpp.o[0m
[ 58%] [32m[1mLinking CXX shared library libmocap_interfaces__rosidl_typesupport_c.so[0m
writing mocap_interfaces.egg-info/PKG-INFO
writing dependency_links to mocap_interfaces.egg-info/dependency_links.txt
writing top-level names to mocap_interfaces.egg-info/top_level.txt
[ 61%] [32m[1mLinking C shared library libmocap_interfaces__rosidl_typesupport_introspection_c.so[0m
[ 61%] Built target mocap_interfaces__rosidl_typesupport_introspection_c
[ 61%] Built target mocap_interfaces__rosidl_typesupport_c
reading manifest file 'mocap_interfaces.egg-info/SOURCES.txt'
writing manifest file 'mocap_interfaces.egg-info/SOURCES.txt'
[ 61%] Built target ament_cmake_python_build_mocap_interfaces_egg
[ 63%] [32m[1mLinking CXX shared library libmocap_interfaces__rosidl_typesupport_cpp.so[0m
[ 66%] [32m[1mLinking CXX shared library libmocap_interfaces__rosidl_typesupport_introspection_cpp.so[0m
[ 66%] Built target mocap_interfaces__rosidl_typesupport_cpp
[ 66%] Built target mocap_interfaces__rosidl_typesupport_introspection_cpp
[ 69%] [32m[1mLinking CXX shared library libmocap_interfaces__rosidl_typesupport_fastrtps_c.so[0m
[ 72%] [32m[1mLinking CXX shared library libmocap_interfaces__rosidl_typesupport_fastrtps_cpp.so[0m
[ 72%] Built target mocap_interfaces__rosidl_typesupport_fastrtps_c
[ 72%] Built target mocap_interfaces__rosidl_typesupport_fastrtps_cpp
[ 72%] Built target mocap_interfaces
[ 75%] [34m[1mGenerating Python code for ROS interfaces[0m
[ 75%] Built target mocap_interfaces__py
[ 77%] [32mBuilding C object CMakeFiles/mocap_interfaces__rosidl_generator_py.dir/rosidl_generator_py/mocap_interfaces/msg/_target_s.c.o[0m
[ 80%] [32m[1mLinking C shared library libmocap_interfaces__rosidl_generator_py.so[0m
[ 80%] Built target mocap_interfaces__rosidl_generator_py
[ 88%] [32mBuilding C object CMakeFiles/mocap_interfaces_s__rosidl_typesupport_introspection_c.dir/rosidl_generator_py/mocap_interfaces/_mocap_interfaces_s.ep.rosidl_typesupport_introspection_c.c.o[0m
[ 88%] [32mBuilding C object CMakeFiles/mocap_interfaces_s__rosidl_typesupport_c.dir/rosidl_generator_py/mocap_interfaces/_mocap_interfaces_s.ep.rosidl_typesupport_c.c.o[0m
[ 88%] [32mBuilding C object CMakeFiles/mocap_interfaces_s__rosidl_typesupport_fastrtps_c.dir/rosidl_generator_py/mocap_interfaces/_mocap_interfaces_s.ep.rosidl_typesupport_fastrtps_c.c.o[0m
[ 97%] [32m[1mLinking C shared module rosidl_generator_py/mocap_interfaces/mocap_interfaces_s__rosidl_typesupport_introspection_c.so[0m
[ 97%] [32m[1mLinking C shared module rosidl_generator_py/mocap_interfaces/mocap_interfaces_s__rosidl_typesupport_fastrtps_c.so[0m
[ 97%] [32m[1mLinking C shared module rosidl_generator_py/mocap_interfaces/mocap_interfaces_s__rosidl_typesupport_c.so[0m
[ 97%] Built target mocap_interfaces_s__rosidl_typesupport_introspection_c
[ 97%] Built target mocap_interfaces_s__rosidl_typesupport_fastrtps_c
[ 97%] Built target mocap_interfaces_s__rosidl_typesupport_c
