[0.006s] Invoking command in '/home/ieerasufcg/arena_ws/build/mocap_interfaces': CMAKE_PREFIX_PATH=${CMAKE_PREFIX_PATH}:/opt/ros/jazzy DEBUGINFOD_URLS=https://debuginfod.ubuntu.com /usr/bin/cmake /home/ieerasufcg/arena_ws/src/mocap_interfaces -DCMAKE_INSTALL_PREFIX=/home/ieerasufcg/arena_ws/install/mocap_interfaces
[0.037s] -- The C compiler identification is GNU 13.3.0
[0.070s] -- The CXX compiler identification is GNU 13.3.0
[0.079s] -- Detecting C compiler ABI info
[0.128s] -- Detecting C compiler ABI info - done
[0.134s] -- Check for working C compiler: /usr/bin/cc - skipped
[0.134s] -- Detecting C compile features
[0.134s] -- Detecting C compile features - done
[0.140s] -- Detecting CXX compiler ABI info
[0.195s] -- Detecting CXX compiler ABI info - done
[0.201s] -- Check for working CXX compiler: /usr/bin/c++ - skipped
[0.202s] -- Detecting CXX compile features
[0.202s] -- Detecting CXX compile features - done
[0.205s] -- Found ament_cmake: 2.5.4 (/opt/ros/jazzy/share/ament_cmake/cmake)
[0.301s] -- Found Python3: /usr/bin/python3 (found version "3.12.3") found components: Interpreter 
[0.382s] -- Found rosidl_default_generators: 1.6.0 (/opt/ros/jazzy/share/rosidl_default_generators/cmake)
[0.387s] -- Using all available rosidl_typesupport_c: rosidl_typesupport_fastrtps_c;rosidl_typesupport_introspection_c
[0.430s] -- Using all available rosidl_typesupport_cpp: rosidl_typesupport_fastrtps_cpp;rosidl_typesupport_introspection_cpp
[0.465s] -- Found rosidl_adapter: 4.6.5 (/opt/ros/jazzy/share/rosidl_adapter/cmake)
[0.468s] -- Found geometry_msgs: 5.3.6 (/opt/ros/jazzy/share/geometry_msgs/cmake)
[0.505s] -- Found rclcpp: 28.1.10 (/opt/ros/jazzy/share/rclcpp/cmake)
[0.550s] -- Found rmw_implementation_cmake: 7.3.2 (/opt/ros/jazzy/share/rmw_implementation_cmake/cmake)
[0.553s] -- Found rmw_fastrtps_cpp: 8.4.2 (/opt/ros/jazzy/share/rmw_fastrtps_cpp/cmake)
[0.601s] -- Found OpenSSL: /usr/lib/x86_64-linux-gnu/libcrypto.so (found version "3.0.13")  
[0.613s] -- Found FastRTPS: /opt/ros/jazzy/include (Required is at least version "2.13") 
[0.627s] -- Using RMW implementation 'rmw_fastrtps_cpp' as default
[0.676s] -- Found sensor_msgs: 5.3.6 (/opt/ros/jazzy/share/sensor_msgs/cmake)
[0.691s] -- Found cv_bridge: 4.1.0 (/opt/ros/jazzy/share/cv_bridge/cmake)
[0.701s] -- Found image_transport: 5.1.7 (/opt/ros/jazzy/share/image_transport/cmake)
[0.721s] -- Found OpenCV: /usr (found version "4.6.0") 
[1.072s] -- Found ament_cmake_ros: 0.12.0 (/opt/ros/jazzy/share/ament_cmake_ros/cmake)
[1.366s] -- Using all available rosidl_typesupport_c: rosidl_typesupport_fastrtps_c;rosidl_typesupport_introspection_c
[1.749s] -- Using all available rosidl_typesupport_cpp: rosidl_typesupport_fastrtps_cpp;rosidl_typesupport_introspection_cpp
[1.752s] -- Found python_cmake_module: 0.11.1 (/opt/ros/jazzy/share/python_cmake_module/cmake)
[1.832s] -- Found PythonExtra: /usr/bin/python3  
[2.085s] -- Found Python3: /usr/bin/python3 (found version "3.12.3") found components: Interpreter Development NumPy Development.Module Development.Embed 
[2.121s] -- Found ament_lint_auto: 0.17.2 (/opt/ros/jazzy/share/ament_lint_auto/cmake)
[2.148s] -- Added test 'cppcheck' to perform static code analysis on C / C++ code
[2.149s] -- Configured cppcheck include dirs: 
[2.149s] -- Configured cppcheck exclude dirs and/or files: 
[2.150s] -- Added test 'flake8' to check Python code syntax and style conventions
[2.151s] -- Configured 'flake8' exclude dirs and/or files: 
[2.153s] -- Added test 'lint_cmake' to check CMake code style
[2.155s] -- Added test 'pep257' to check Python code against some of the docstring style conventions in PEP 257
[2.165s] -- Added test 'uncrustify' to check C / C++ code style
[2.165s] -- Configured uncrustify additional arguments: 
[2.167s] -- Added test 'xmllint' to check XML markup files
[2.168s] -- Configuring done (2.2s)
[2.194s] -- Generating done (0.0s)
[2.202s] -- Build files have been written to: /home/ieerasufcg/arena_ws/build/mocap_interfaces
[2.210s] Invoked command in '/home/ieerasufcg/arena_ws/build/mocap_interfaces' returned '0': CMAKE_PREFIX_PATH=${CMAKE_PREFIX_PATH}:/opt/ros/jazzy DEBUGINFOD_URLS=https://debuginfod.ubuntu.com /usr/bin/cmake /home/ieerasufcg/arena_ws/src/mocap_interfaces -DCMAKE_INSTALL_PREFIX=/home/ieerasufcg/arena_ws/install/mocap_interfaces
[2.211s] Invoking command in '/home/ieerasufcg/arena_ws/build/mocap_interfaces': CMAKE_PREFIX_PATH=${CMAKE_PREFIX_PATH}:/opt/ros/jazzy DEBUGINFOD_URLS=https://debuginfod.ubuntu.com /usr/bin/cmake --build /home/ieerasufcg/arena_ws/build/mocap_interfaces -- -j16 -l16
[2.241s] [  5%] [34m[1mGenerating type hashes for ROS interfaces[0m
[2.242s] [  5%] [32mBuilding CXX object CMakeFiles/webcam_node.dir/src/webcam_publisher_node.cpp.o[0m
[2.247s] [  5%] Built target ament_cmake_python_copy_mocap_interfaces
[2.350s] [  5%] Built target mocap_interfaces__rosidl_generator_type_description
[2.356s] [  8%] [34m[1mGenerating C code for ROS interfaces[0m
[2.362s] [ 11%] [34m[1mGenerating C++ code for ROS interfaces[0m
[2.393s] running egg_info
[2.393s] creating mocap_interfaces.egg-info
[2.408s] writing mocap_interfaces.egg-info/PKG-INFO
[2.408s] writing dependency_links to mocap_interfaces.egg-info/dependency_links.txt
[2.408s] writing top-level names to mocap_interfaces.egg-info/top_level.txt
[2.408s] writing manifest file 'mocap_interfaces.egg-info/SOURCES.txt'
[2.416s] [01m[K/home/ieerasufcg/arena_ws/src/mocap_interfaces/src/webcam_publisher_node.cpp:11:10:[m[K [01;31m[Kfatal error: [m[Kcv_bridge/cv_bridge.h: No such file or directory
[2.416s]    11 | #include [01;31m[K"cv_bridge/cv_bridge.h"[m[K
[2.416s]       |          [01;31m[K^~~~~~~~~~~~~~~~~~~~~~~[m[K
[2.416s] compilation terminated.
[2.418s] gmake[2]: *** [CMakeFiles/webcam_node.dir/build.make:76: CMakeFiles/webcam_node.dir/src/webcam_publisher_node.cpp.o] Error 1
[2.418s] gmake[1]: *** [CMakeFiles/Makefile2:623: CMakeFiles/webcam_node.dir/all] Error 2
[2.418s] gmake[1]: *** Waiting for unfinished jobs....
[2.451s] reading manifest file 'mocap_interfaces.egg-info/SOURCES.txt'
[2.452s] writing manifest file 'mocap_interfaces.egg-info/SOURCES.txt'
[2.468s] [ 11%] Built target ament_cmake_python_build_mocap_interfaces_egg
[2.492s] [ 11%] Built target mocap_interfaces__cpp
[2.505s] [ 19%] [32mBuilding C object CMakeFiles/mocap_interfaces__rosidl_generator_c.dir/rosidl_generator_c/mocap_interfaces/msg/detail/target__type_support.c.o[0m
[2.505s] [ 19%] [32mBuilding C object CMakeFiles/mocap_interfaces__rosidl_generator_c.dir/rosidl_generator_c/mocap_interfaces/msg/detail/target__description.c.o[0m
[2.505s] [ 19%] [32mBuilding C object CMakeFiles/mocap_interfaces__rosidl_generator_c.dir/rosidl_generator_c/mocap_interfaces/msg/detail/target__functions.c.o[0m
[2.534s] [ 22%] [32m[1mLinking C shared library libmocap_interfaces__rosidl_generator_c.so[0m
[2.556s] [ 22%] Built target mocap_interfaces__rosidl_generator_c
[2.556s] gmake: *** [Makefile:146: all] Error 2
[2.558s] Invoked command in '/home/ieerasufcg/arena_ws/build/mocap_interfaces' returned '2': CMAKE_PREFIX_PATH=${CMAKE_PREFIX_PATH}:/opt/ros/jazzy DEBUGINFOD_URLS=https://debuginfod.ubuntu.com /usr/bin/cmake --build /home/ieerasufcg/arena_ws/build/mocap_interfaces -- -j16 -l16
