[  2%] Built target mocap_interfaces__rosidl_generator_type_description
[  2%] Built target ament_cmake_python_copy_mocap_interfaces
[  5%] [32mBuilding CXX object CMakeFiles/webcam_node.dir/src/webcam_publisher_node.cpp.o[0m
[  8%] Built target mocap_interfaces__cpp
[ 22%] Built target mocap_interfaces__rosidl_generator_c
[ 47%] Built target mocap_interfaces__rosidl_typesupport_introspection_c
[ 47%] Built target mocap_interfaces__rosidl_typesupport_c
[ 47%] Built target mocap_interfaces__rosidl_typesupport_cpp
[ 63%] Built target mocap_interfaces__rosidl_typesupport_introspection_cpp
[ 63%] Built target mocap_interfaces__rosidl_typesupport_fastrtps_cpp
[ 72%] Built target mocap_interfaces__rosidl_typesupport_fastrtps_c
[ 72%] Built target mocap_interfaces
[ 75%] Built target mocap_interfaces__py
[ 80%] Built target mocap_interfaces__rosidl_generator_py
[ 97%] Built target mocap_interfaces_s__rosidl_typesupport_fastrtps_c
[ 97%] Built target mocap_interfaces_s__rosidl_typesupport_introspection_c
[ 97%] Built target mocap_interfaces_s__rosidl_typesupport_c
running egg_info
writing mocap_interfaces.egg-info/PKG-INFO
writing dependency_links to mocap_interfaces.egg-info/dependency_links.txt
writing top-level names to mocap_interfaces.egg-info/top_level.txt
reading manifest file 'mocap_interfaces.egg-info/SOURCES.txt'
writing manifest file 'mocap_interfaces.egg-info/SOURCES.txt'
[ 97%] Built target ament_cmake_python_build_mocap_interfaces_egg
[100%] [32m[1mLinking CXX executable webcam_node[0m
[100%] Built target webcam_node
-- Install configuration: ""
-- Installing: /home/ieerasufcg/arena_ws/install/mocap_interfaces/share/ament_index/resource_index/rosidl_interfaces/mocap_interfaces
-- Installing: /home/ieerasufcg/arena_ws/install/mocap_interfaces/share/mocap_interfaces/msg/Target.json
-- Installing: /home/ieerasufcg/arena_ws/install/mocap_interfaces/include/mocap_interfaces/mocap_interfaces
-- Installing: /home/ieerasufcg/arena_ws/install/mocap_interfaces/include/mocap_interfaces/mocap_interfaces/msg
-- Installing: /home/ieerasufcg/arena_ws/install/mocap_interfaces/include/mocap_interfaces/mocap_interfaces/msg/detail
-- Installing: /home/ieerasufcg/arena_ws/install/mocap_interfaces/include/mocap_interfaces/mocap_interfaces/msg/detail/target__description.c
-- Installing: /home/ieerasufcg/arena_ws/install/mocap_interfaces/include/mocap_interfaces/mocap_interfaces/msg/detail/target__type_support.h
-- Installing: /home/ieerasufcg/arena_ws/install/mocap_interfaces/include/mocap_interfaces/mocap_interfaces/msg/detail/target__struct.h
-- Installing: /home/ieerasufcg/arena_ws/install/mocap_interfaces/include/mocap_interfaces/mocap_interfaces/msg/detail/target__functions.h
-- Installing: /home/ieerasufcg/arena_ws/install/mocap_interfaces/include/mocap_interfaces/mocap_interfaces/msg/detail/target__functions.c
-- Installing: /home/ieerasufcg/arena_ws/install/mocap_interfaces/include/mocap_interfaces/mocap_interfaces/msg/detail/target__type_support.c
-- Installing: /home/ieerasufcg/arena_ws/install/mocap_interfaces/include/mocap_interfaces/mocap_interfaces/msg/target.h
-- Installing: /home/ieerasufcg/arena_ws/install/mocap_interfaces/include/mocap_interfaces/mocap_interfaces/msg/rosidl_generator_c__visibility_control.h
-- Installing: /home/ieerasufcg/arena_ws/install/mocap_interfaces/share/mocap_interfaces/environment/library_path.sh
-- Installing: /home/ieerasufcg/arena_ws/install/mocap_interfaces/share/mocap_interfaces/environment/library_path.dsv
-- Installing: /home/ieerasufcg/arena_ws/install/mocap_interfaces/lib/libmocap_interfaces__rosidl_generator_c.so
-- Set non-toolchain portion of runtime path of "/home/ieerasufcg/arena_ws/install/mocap_interfaces/lib/libmocap_interfaces__rosidl_generator_c.so" to ""
-- Up-to-date: /home/ieerasufcg/arena_ws/install/mocap_interfaces/include/mocap_interfaces/mocap_interfaces
-- Up-to-date: /home/ieerasufcg/arena_ws/install/mocap_interfaces/include/mocap_interfaces/mocap_interfaces/msg
-- Up-to-date: /home/ieerasufcg/arena_ws/install/mocap_interfaces/include/mocap_interfaces/mocap_interfaces/msg/detail
-- Installing: /home/ieerasufcg/arena_ws/install/mocap_interfaces/include/mocap_interfaces/mocap_interfaces/msg/detail/target__rosidl_typesupport_fastrtps_c.h
-- Installing: /home/ieerasufcg/arena_ws/install/mocap_interfaces/include/mocap_interfaces/mocap_interfaces/msg/rosidl_typesupport_fastrtps_c__visibility_control.h
-- Installing: /home/ieerasufcg/arena_ws/install/mocap_interfaces/lib/libmocap_interfaces__rosidl_typesupport_fastrtps_c.so
-- Set non-toolchain portion of runtime path of "/home/ieerasufcg/arena_ws/install/mocap_interfaces/lib/libmocap_interfaces__rosidl_typesupport_fastrtps_c.so" to ""
-- Up-to-date: /home/ieerasufcg/arena_ws/install/mocap_interfaces/include/mocap_interfaces/mocap_interfaces
-- Up-to-date: /home/ieerasufcg/arena_ws/install/mocap_interfaces/include/mocap_interfaces/mocap_interfaces/msg
-- Installing: /home/ieerasufcg/arena_ws/install/mocap_interfaces/include/mocap_interfaces/mocap_interfaces/msg/rosidl_typesupport_introspection_c__visibility_control.h
-- Up-to-date: /home/ieerasufcg/arena_ws/install/mocap_interfaces/include/mocap_interfaces/mocap_interfaces/msg/detail
-- Installing: /home/ieerasufcg/arena_ws/install/mocap_interfaces/include/mocap_interfaces/mocap_interfaces/msg/detail/target__rosidl_typesupport_introspection_c.h
-- Installing: /home/ieerasufcg/arena_ws/install/mocap_interfaces/include/mocap_interfaces/mocap_interfaces/msg/detail/target__type_support.c
-- Installing: /home/ieerasufcg/arena_ws/install/mocap_interfaces/lib/libmocap_interfaces__rosidl_typesupport_introspection_c.so
-- Set non-toolchain portion of runtime path of "/home/ieerasufcg/arena_ws/install/mocap_interfaces/lib/libmocap_interfaces__rosidl_typesupport_introspection_c.so" to ""
-- Installing: /home/ieerasufcg/arena_ws/install/mocap_interfaces/lib/libmocap_interfaces__rosidl_typesupport_c.so
-- Set non-toolchain portion of runtime path of "/home/ieerasufcg/arena_ws/install/mocap_interfaces/lib/libmocap_interfaces__rosidl_typesupport_c.so" to ""
-- Up-to-date: /home/ieerasufcg/arena_ws/install/mocap_interfaces/include/mocap_interfaces/mocap_interfaces
-- Up-to-date: /home/ieerasufcg/arena_ws/install/mocap_interfaces/include/mocap_interfaces/mocap_interfaces/msg
-- Installing: /home/ieerasufcg/arena_ws/install/mocap_interfaces/include/mocap_interfaces/mocap_interfaces/msg/target.hpp
-- Up-to-date: /home/ieerasufcg/arena_ws/install/mocap_interfaces/include/mocap_interfaces/mocap_interfaces/msg/detail
-- Installing: /home/ieerasufcg/arena_ws/install/mocap_interfaces/include/mocap_interfaces/mocap_interfaces/msg/detail/target__struct.hpp
-- Installing: /home/ieerasufcg/arena_ws/install/mocap_interfaces/include/mocap_interfaces/mocap_interfaces/msg/detail/target__traits.hpp
-- Installing: /home/ieerasufcg/arena_ws/install/mocap_interfaces/include/mocap_interfaces/mocap_interfaces/msg/detail/target__builder.hpp
-- Installing: /home/ieerasufcg/arena_ws/install/mocap_interfaces/include/mocap_interfaces/mocap_interfaces/msg/detail/target__type_support.hpp
-- Installing: /home/ieerasufcg/arena_ws/install/mocap_interfaces/include/mocap_interfaces/mocap_interfaces/msg/rosidl_generator_cpp__visibility_control.hpp
-- Up-to-date: /home/ieerasufcg/arena_ws/install/mocap_interfaces/include/mocap_interfaces/mocap_interfaces
-- Up-to-date: /home/ieerasufcg/arena_ws/install/mocap_interfaces/include/mocap_interfaces/mocap_interfaces/msg
-- Up-to-date: /home/ieerasufcg/arena_ws/install/mocap_interfaces/include/mocap_interfaces/mocap_interfaces/msg/detail
-- Installing: /home/ieerasufcg/arena_ws/install/mocap_interfaces/include/mocap_interfaces/mocap_interfaces/msg/detail/dds_fastrtps
-- Installing: /home/ieerasufcg/arena_ws/install/mocap_interfaces/include/mocap_interfaces/mocap_interfaces/msg/detail/target__rosidl_typesupport_fastrtps_cpp.hpp
-- Installing: /home/ieerasufcg/arena_ws/install/mocap_interfaces/include/mocap_interfaces/mocap_interfaces/msg/rosidl_typesupport_fastrtps_cpp__visibility_control.h
-- Installing: /home/ieerasufcg/arena_ws/install/mocap_interfaces/lib/libmocap_interfaces__rosidl_typesupport_fastrtps_cpp.so
-- Set non-toolchain portion of runtime path of "/home/ieerasufcg/arena_ws/install/mocap_interfaces/lib/libmocap_interfaces__rosidl_typesupport_fastrtps_cpp.so" to ""
-- Up-to-date: /home/ieerasufcg/arena_ws/install/mocap_interfaces/include/mocap_interfaces/mocap_interfaces
-- Up-to-date: /home/ieerasufcg/arena_ws/install/mocap_interfaces/include/mocap_interfaces/mocap_interfaces/msg
-- Up-to-date: /home/ieerasufcg/arena_ws/install/mocap_interfaces/include/mocap_interfaces/mocap_interfaces/msg/detail
-- Installing: /home/ieerasufcg/arena_ws/install/mocap_interfaces/include/mocap_interfaces/mocap_interfaces/msg/detail/target__rosidl_typesupport_introspection_cpp.hpp
-- Installing: /home/ieerasufcg/arena_ws/install/mocap_interfaces/include/mocap_interfaces/mocap_interfaces/msg/detail/target__type_support.cpp
-- Installing: /home/ieerasufcg/arena_ws/install/mocap_interfaces/lib/libmocap_interfaces__rosidl_typesupport_introspection_cpp.so
-- Set non-toolchain portion of runtime path of "/home/ieerasufcg/arena_ws/install/mocap_interfaces/lib/libmocap_interfaces__rosidl_typesupport_introspection_cpp.so" to ""
-- Installing: /home/ieerasufcg/arena_ws/install/mocap_interfaces/lib/libmocap_interfaces__rosidl_typesupport_cpp.so
-- Set non-toolchain portion of runtime path of "/home/ieerasufcg/arena_ws/install/mocap_interfaces/lib/libmocap_interfaces__rosidl_typesupport_cpp.so" to ""
-- Installing: /home/ieerasufcg/arena_ws/install/mocap_interfaces/share/mocap_interfaces/environment/pythonpath.sh
-- Installing: /home/ieerasufcg/arena_ws/install/mocap_interfaces/share/mocap_interfaces/environment/pythonpath.dsv
-- Installing: /home/ieerasufcg/arena_ws/install/mocap_interfaces/lib/python3.12/site-packages/mocap_interfaces-0.0.0-py3.12.egg-info
-- Installing: /home/ieerasufcg/arena_ws/install/mocap_interfaces/lib/python3.12/site-packages/mocap_interfaces-0.0.0-py3.12.egg-info/dependency_links.txt
-- Installing: /home/ieerasufcg/arena_ws/install/mocap_interfaces/lib/python3.12/site-packages/mocap_interfaces-0.0.0-py3.12.egg-info/SOURCES.txt
-- Installing: /home/ieerasufcg/arena_ws/install/mocap_interfaces/lib/python3.12/site-packages/mocap_interfaces-0.0.0-py3.12.egg-info/top_level.txt
-- Installing: /home/ieerasufcg/arena_ws/install/mocap_interfaces/lib/python3.12/site-packages/mocap_interfaces-0.0.0-py3.12.egg-info/PKG-INFO
-- Installing: /home/ieerasufcg/arena_ws/install/mocap_interfaces/lib/python3.12/site-packages/mocap_interfaces
-- Installing: /home/ieerasufcg/arena_ws/install/mocap_interfaces/lib/python3.12/site-packages/mocap_interfaces/_mocap_interfaces_s.ep.rosidl_typesupport_introspection_c.c
-- Installing: /home/ieerasufcg/arena_ws/install/mocap_interfaces/lib/python3.12/site-packages/mocap_interfaces/_mocap_interfaces_s.ep.rosidl_typesupport_c.c
-- Installing: /home/ieerasufcg/arena_ws/install/mocap_interfaces/lib/python3.12/site-packages/mocap_interfaces/mocap_interfaces_s__rosidl_typesupport_introspection_c.so
-- Installing: /home/ieerasufcg/arena_ws/install/mocap_interfaces/lib/python3.12/site-packages/mocap_interfaces/_mocap_interfaces_s.ep.rosidl_typesupport_fastrtps_c.c
-- Installing: /home/ieerasufcg/arena_ws/install/mocap_interfaces/lib/python3.12/site-packages/mocap_interfaces/__init__.py
-- Installing: /home/ieerasufcg/arena_ws/install/mocap_interfaces/lib/python3.12/site-packages/mocap_interfaces/msg
-- Installing: /home/ieerasufcg/arena_ws/install/mocap_interfaces/lib/python3.12/site-packages/mocap_interfaces/msg/_target.py
-- Installing: /home/ieerasufcg/arena_ws/install/mocap_interfaces/lib/python3.12/site-packages/mocap_interfaces/msg/_target_s.c
-- Installing: /home/ieerasufcg/arena_ws/install/mocap_interfaces/lib/python3.12/site-packages/mocap_interfaces/msg/__init__.py
-- Installing: /home/ieerasufcg/arena_ws/install/mocap_interfaces/lib/python3.12/site-packages/mocap_interfaces/mocap_interfaces_s__rosidl_typesupport_c.so
-- Installing: /home/ieerasufcg/arena_ws/install/mocap_interfaces/lib/python3.12/site-packages/mocap_interfaces/mocap_interfaces_s__rosidl_typesupport_fastrtps_c.so
Listing '/home/ieerasufcg/arena_ws/install/mocap_interfaces/lib/python3.12/site-packages/mocap_interfaces'...
Compiling '/home/ieerasufcg/arena_ws/install/mocap_interfaces/lib/python3.12/site-packages/mocap_interfaces/__init__.py'...
Listing '/home/ieerasufcg/arena_ws/install/mocap_interfaces/lib/python3.12/site-packages/mocap_interfaces/msg'...
Compiling '/home/ieerasufcg/arena_ws/install/mocap_interfaces/lib/python3.12/site-packages/mocap_interfaces/msg/__init__.py'...
Compiling '/home/ieerasufcg/arena_ws/install/mocap_interfaces/lib/python3.12/site-packages/mocap_interfaces/msg/_target.py'...
-- Installing: /home/ieerasufcg/arena_ws/install/mocap_interfaces/lib/python3.12/site-packages/mocap_interfaces/mocap_interfaces_s__rosidl_typesupport_fastrtps_c.so
-- Set non-toolchain portion of runtime path of "/home/ieerasufcg/arena_ws/install/mocap_interfaces/lib/python3.12/site-packages/mocap_interfaces/mocap_interfaces_s__rosidl_typesupport_fastrtps_c.so" to ""
-- Installing: /home/ieerasufcg/arena_ws/install/mocap_interfaces/lib/python3.12/site-packages/mocap_interfaces/mocap_interfaces_s__rosidl_typesupport_introspection_c.so
-- Set non-toolchain portion of runtime path of "/home/ieerasufcg/arena_ws/install/mocap_interfaces/lib/python3.12/site-packages/mocap_interfaces/mocap_interfaces_s__rosidl_typesupport_introspection_c.so" to ""
-- Installing: /home/ieerasufcg/arena_ws/install/mocap_interfaces/lib/python3.12/site-packages/mocap_interfaces/mocap_interfaces_s__rosidl_typesupport_c.so
-- Set non-toolchain portion of runtime path of "/home/ieerasufcg/arena_ws/install/mocap_interfaces/lib/python3.12/site-packages/mocap_interfaces/mocap_interfaces_s__rosidl_typesupport_c.so" to ""
-- Installing: /home/ieerasufcg/arena_ws/install/mocap_interfaces/lib/libmocap_interfaces__rosidl_generator_py.so
-- Set non-toolchain portion of runtime path of "/home/ieerasufcg/arena_ws/install/mocap_interfaces/lib/libmocap_interfaces__rosidl_generator_py.so" to ""
-- Installing: /home/ieerasufcg/arena_ws/install/mocap_interfaces/share/mocap_interfaces/msg/Target.idl
-- Installing: /home/ieerasufcg/arena_ws/install/mocap_interfaces/share/mocap_interfaces/msg/Target.msg
-- Installing: /home/ieerasufcg/arena_ws/install/mocap_interfaces/lib/mocap_interfaces/webcam_node
-- Set non-toolchain portion of runtime path of "/home/ieerasufcg/arena_ws/install/mocap_interfaces/lib/mocap_interfaces/webcam_node" to ""
-- Installing: /home/ieerasufcg/arena_ws/install/mocap_interfaces/share/ament_index/resource_index/package_run_dependencies/mocap_interfaces
-- Installing: /home/ieerasufcg/arena_ws/install/mocap_interfaces/share/ament_index/resource_index/parent_prefix_path/mocap_interfaces
-- Installing: /home/ieerasufcg/arena_ws/install/mocap_interfaces/share/mocap_interfaces/environment/ament_prefix_path.sh
-- Installing: /home/ieerasufcg/arena_ws/install/mocap_interfaces/share/mocap_interfaces/environment/ament_prefix_path.dsv
-- Installing: /home/ieerasufcg/arena_ws/install/mocap_interfaces/share/mocap_interfaces/environment/path.sh
-- Installing: /home/ieerasufcg/arena_ws/install/mocap_interfaces/share/mocap_interfaces/environment/path.dsv
-- Installing: /home/ieerasufcg/arena_ws/install/mocap_interfaces/share/mocap_interfaces/local_setup.bash
-- Installing: /home/ieerasufcg/arena_ws/install/mocap_interfaces/share/mocap_interfaces/local_setup.sh
-- Installing: /home/ieerasufcg/arena_ws/install/mocap_interfaces/share/mocap_interfaces/local_setup.zsh
-- Installing: /home/ieerasufcg/arena_ws/install/mocap_interfaces/share/mocap_interfaces/local_setup.dsv
-- Installing: /home/ieerasufcg/arena_ws/install/mocap_interfaces/share/mocap_interfaces/package.dsv
-- Installing: /home/ieerasufcg/arena_ws/install/mocap_interfaces/share/ament_index/resource_index/packages/mocap_interfaces
-- Installing: /home/ieerasufcg/arena_ws/install/mocap_interfaces/share/mocap_interfaces/cmake/export_mocap_interfaces__rosidl_generator_cExport.cmake
-- Installing: /home/ieerasufcg/arena_ws/install/mocap_interfaces/share/mocap_interfaces/cmake/export_mocap_interfaces__rosidl_generator_cExport-noconfig.cmake
-- Installing: /home/ieerasufcg/arena_ws/install/mocap_interfaces/share/mocap_interfaces/cmake/export_mocap_interfaces__rosidl_typesupport_fastrtps_cExport.cmake
-- Installing: /home/ieerasufcg/arena_ws/install/mocap_interfaces/share/mocap_interfaces/cmake/export_mocap_interfaces__rosidl_typesupport_fastrtps_cExport-noconfig.cmake
-- Installing: /home/ieerasufcg/arena_ws/install/mocap_interfaces/share/mocap_interfaces/cmake/mocap_interfaces__rosidl_typesupport_introspection_cExport.cmake
-- Installing: /home/ieerasufcg/arena_ws/install/mocap_interfaces/share/mocap_interfaces/cmake/mocap_interfaces__rosidl_typesupport_introspection_cExport-noconfig.cmake
-- Installing: /home/ieerasufcg/arena_ws/install/mocap_interfaces/share/mocap_interfaces/cmake/mocap_interfaces__rosidl_typesupport_cExport.cmake
-- Installing: /home/ieerasufcg/arena_ws/install/mocap_interfaces/share/mocap_interfaces/cmake/mocap_interfaces__rosidl_typesupport_cExport-noconfig.cmake
-- Installing: /home/ieerasufcg/arena_ws/install/mocap_interfaces/share/mocap_interfaces/cmake/export_mocap_interfaces__rosidl_generator_cppExport.cmake
-- Installing: /home/ieerasufcg/arena_ws/install/mocap_interfaces/share/mocap_interfaces/cmake/export_mocap_interfaces__rosidl_typesupport_fastrtps_cppExport.cmake
-- Installing: /home/ieerasufcg/arena_ws/install/mocap_interfaces/share/mocap_interfaces/cmake/export_mocap_interfaces__rosidl_typesupport_fastrtps_cppExport-noconfig.cmake
-- Installing: /home/ieerasufcg/arena_ws/install/mocap_interfaces/share/mocap_interfaces/cmake/mocap_interfaces__rosidl_typesupport_introspection_cppExport.cmake
-- Installing: /home/ieerasufcg/arena_ws/install/mocap_interfaces/share/mocap_interfaces/cmake/mocap_interfaces__rosidl_typesupport_introspection_cppExport-noconfig.cmake
-- Installing: /home/ieerasufcg/arena_ws/install/mocap_interfaces/share/mocap_interfaces/cmake/mocap_interfaces__rosidl_typesupport_cppExport.cmake
-- Installing: /home/ieerasufcg/arena_ws/install/mocap_interfaces/share/mocap_interfaces/cmake/mocap_interfaces__rosidl_typesupport_cppExport-noconfig.cmake
-- Installing: /home/ieerasufcg/arena_ws/install/mocap_interfaces/share/mocap_interfaces/cmake/export_mocap_interfaces__rosidl_generator_pyExport.cmake
-- Installing: /home/ieerasufcg/arena_ws/install/mocap_interfaces/share/mocap_interfaces/cmake/export_mocap_interfaces__rosidl_generator_pyExport-noconfig.cmake
-- Installing: /home/ieerasufcg/arena_ws/install/mocap_interfaces/share/mocap_interfaces/cmake/rosidl_cmake-extras.cmake
-- Installing: /home/ieerasufcg/arena_ws/install/mocap_interfaces/share/mocap_interfaces/cmake/ament_cmake_export_dependencies-extras.cmake
-- Installing: /home/ieerasufcg/arena_ws/install/mocap_interfaces/share/mocap_interfaces/cmake/ament_cmake_export_include_directories-extras.cmake
-- Installing: /home/ieerasufcg/arena_ws/install/mocap_interfaces/share/mocap_interfaces/cmake/ament_cmake_export_libraries-extras.cmake
-- Installing: /home/ieerasufcg/arena_ws/install/mocap_interfaces/share/mocap_interfaces/cmake/ament_cmake_export_targets-extras.cmake
-- Installing: /home/ieerasufcg/arena_ws/install/mocap_interfaces/share/mocap_interfaces/cmake/rosidl_cmake_export_typesupport_targets-extras.cmake
-- Installing: /home/ieerasufcg/arena_ws/install/mocap_interfaces/share/mocap_interfaces/cmake/rosidl_cmake_export_typesupport_libraries-extras.cmake
-- Installing: /home/ieerasufcg/arena_ws/install/mocap_interfaces/share/mocap_interfaces/cmake/mocap_interfacesConfig.cmake
-- Installing: /home/ieerasufcg/arena_ws/install/mocap_interfaces/share/mocap_interfaces/cmake/mocap_interfacesConfig-version.cmake
-- Installing: /home/ieerasufcg/arena_ws/install/mocap_interfaces/share/mocap_interfaces/package.xml
