[0.007s] Invoking command in '/home/ieerasufcg/arena_ws/build/mocap_interfaces': CMAKE_PREFIX_PATH=${CMAKE_PREFIX_PATH}:/opt/ros/jazzy DEBUGINFOD_URLS=https://debuginfod.ubuntu.com /usr/bin/cmake --build /home/ieerasufcg/arena_ws/build/mocap_interfaces -- -j16 -l16
[0.038s] [  2%] Built target mocap_interfaces__rosidl_generator_type_description
[0.044s] [  2%] Built target ament_cmake_python_copy_mocap_interfaces
[0.044s] [  5%] [32mBuilding CXX object CMakeFiles/webcam_node.dir/src/webcam_publisher_node.cpp.o[0m
[0.051s] [  8%] Built target mocap_interfaces__cpp
[0.051s] [ 22%] Built target mocap_interfaces__rosidl_generator_c
[0.065s] [ 47%] Built target mocap_interfaces__rosidl_typesupport_introspection_c
[0.066s] [ 47%] Built target mocap_interfaces__rosidl_typesupport_c
[0.066s] [ 47%] Built target mocap_interfaces__rosidl_typesupport_cpp
[0.067s] [ 63%] Built target mocap_interfaces__rosidl_typesupport_introspection_cpp
[0.067s] [ 63%] Built target mocap_interfaces__rosidl_typesupport_fastrtps_cpp
[0.068s] [ 72%] Built target mocap_interfaces__rosidl_typesupport_fastrtps_c
[0.081s] [ 72%] Built target mocap_interfaces
[0.094s] [ 75%] Built target mocap_interfaces__py
[0.109s] [ 80%] Built target mocap_interfaces__rosidl_generator_py
[0.124s] [ 97%] Built target mocap_interfaces_s__rosidl_typesupport_fastrtps_c
[0.124s] [ 97%] Built target mocap_interfaces_s__rosidl_typesupport_introspection_c
[0.124s] [ 97%] Built target mocap_interfaces_s__rosidl_typesupport_c
[0.192s] running egg_info
[0.207s] writing mocap_interfaces.egg-info/PKG-INFO
[0.207s] writing dependency_links to mocap_interfaces.egg-info/dependency_links.txt
[0.207s] writing top-level names to mocap_interfaces.egg-info/top_level.txt
[0.249s] reading manifest file 'mocap_interfaces.egg-info/SOURCES.txt'
[0.249s] writing manifest file 'mocap_interfaces.egg-info/SOURCES.txt'
[0.266s] [ 97%] Built target ament_cmake_python_build_mocap_interfaces_egg
[3.318s] [100%] [32m[1mLinking CXX executable webcam_node[0m
[3.845s] [100%] Built target webcam_node
[3.852s] Invoked command in '/home/ieerasufcg/arena_ws/build/mocap_interfaces' returned '0': CMAKE_PREFIX_PATH=${CMAKE_PREFIX_PATH}:/opt/ros/jazzy DEBUGINFOD_URLS=https://debuginfod.ubuntu.com /usr/bin/cmake --build /home/ieerasufcg/arena_ws/build/mocap_interfaces -- -j16 -l16
[3.858s] Invoking command in '/home/ieerasufcg/arena_ws/build/mocap_interfaces': CMAKE_PREFIX_PATH=${CMAKE_PREFIX_PATH}:/opt/ros/jazzy DEBUGINFOD_URLS=https://debuginfod.ubuntu.com /usr/bin/cmake --install /home/ieerasufcg/arena_ws/build/mocap_interfaces
[3.863s] -- Install configuration: ""
[3.863s] -- Installing: /home/ieerasufcg/arena_ws/install/mocap_interfaces/share/ament_index/resource_index/rosidl_interfaces/mocap_interfaces
[3.863s] -- Installing: /home/ieerasufcg/arena_ws/install/mocap_interfaces/share/mocap_interfaces/msg/Target.json
[3.863s] -- Installing: /home/ieerasufcg/arena_ws/install/mocap_interfaces/include/mocap_interfaces/mocap_interfaces
[3.863s] -- Installing: /home/ieerasufcg/arena_ws/install/mocap_interfaces/include/mocap_interfaces/mocap_interfaces/msg
[3.863s] -- Installing: /home/ieerasufcg/arena_ws/install/mocap_interfaces/include/mocap_interfaces/mocap_interfaces/msg/detail
[3.863s] -- Installing: /home/ieerasufcg/arena_ws/install/mocap_interfaces/include/mocap_interfaces/mocap_interfaces/msg/detail/target__description.c
[3.863s] -- Installing: /home/ieerasufcg/arena_ws/install/mocap_interfaces/include/mocap_interfaces/mocap_interfaces/msg/detail/target__type_support.h
[3.863s] -- Installing: /home/ieerasufcg/arena_ws/install/mocap_interfaces/include/mocap_interfaces/mocap_interfaces/msg/detail/target__struct.h
[3.863s] -- Installing: /home/ieerasufcg/arena_ws/install/mocap_interfaces/include/mocap_interfaces/mocap_interfaces/msg/detail/target__functions.h
[3.863s] -- Installing: /home/ieerasufcg/arena_ws/install/mocap_interfaces/include/mocap_interfaces/mocap_interfaces/msg/detail/target__functions.c
[3.863s] -- Installing: /home/ieerasufcg/arena_ws/install/mocap_interfaces/include/mocap_interfaces/mocap_interfaces/msg/detail/target__type_support.c
[3.863s] -- Installing: /home/ieerasufcg/arena_ws/install/mocap_interfaces/include/mocap_interfaces/mocap_interfaces/msg/target.h
[3.863s] -- Installing: /home/ieerasufcg/arena_ws/install/mocap_interfaces/include/mocap_interfaces/mocap_interfaces/msg/rosidl_generator_c__visibility_control.h
[3.864s] -- Installing: /home/ieerasufcg/arena_ws/install/mocap_interfaces/share/mocap_interfaces/environment/library_path.sh
[3.864s] -- Installing: /home/ieerasufcg/arena_ws/install/mocap_interfaces/share/mocap_interfaces/environment/library_path.dsv
[3.864s] -- Installing: /home/ieerasufcg/arena_ws/install/mocap_interfaces/lib/libmocap_interfaces__rosidl_generator_c.so
[3.864s] -- Set non-toolchain portion of runtime path of "/home/ieerasufcg/arena_ws/install/mocap_interfaces/lib/libmocap_interfaces__rosidl_generator_c.so" to ""
[3.864s] -- Up-to-date: /home/ieerasufcg/arena_ws/install/mocap_interfaces/include/mocap_interfaces/mocap_interfaces
[3.864s] -- Up-to-date: /home/ieerasufcg/arena_ws/install/mocap_interfaces/include/mocap_interfaces/mocap_interfaces/msg
[3.864s] -- Up-to-date: /home/ieerasufcg/arena_ws/install/mocap_interfaces/include/mocap_interfaces/mocap_interfaces/msg/detail
[3.864s] -- Installing: /home/ieerasufcg/arena_ws/install/mocap_interfaces/include/mocap_interfaces/mocap_interfaces/msg/detail/target__rosidl_typesupport_fastrtps_c.h
[3.864s] -- Installing: /home/ieerasufcg/arena_ws/install/mocap_interfaces/include/mocap_interfaces/mocap_interfaces/msg/rosidl_typesupport_fastrtps_c__visibility_control.h
[3.864s] -- Installing: /home/ieerasufcg/arena_ws/install/mocap_interfaces/lib/libmocap_interfaces__rosidl_typesupport_fastrtps_c.so
[3.864s] -- Set non-toolchain portion of runtime path of "/home/ieerasufcg/arena_ws/install/mocap_interfaces/lib/libmocap_interfaces__rosidl_typesupport_fastrtps_c.so" to ""
[3.864s] -- Up-to-date: /home/ieerasufcg/arena_ws/install/mocap_interfaces/include/mocap_interfaces/mocap_interfaces
[3.864s] -- Up-to-date: /home/ieerasufcg/arena_ws/install/mocap_interfaces/include/mocap_interfaces/mocap_interfaces/msg
[3.864s] -- Installing: /home/ieerasufcg/arena_ws/install/mocap_interfaces/include/mocap_interfaces/mocap_interfaces/msg/rosidl_typesupport_introspection_c__visibility_control.h
[3.864s] -- Up-to-date: /home/ieerasufcg/arena_ws/install/mocap_interfaces/include/mocap_interfaces/mocap_interfaces/msg/detail
[3.864s] -- Installing: /home/ieerasufcg/arena_ws/install/mocap_interfaces/include/mocap_interfaces/mocap_interfaces/msg/detail/target__rosidl_typesupport_introspection_c.h
[3.865s] -- Installing: /home/ieerasufcg/arena_ws/install/mocap_interfaces/include/mocap_interfaces/mocap_interfaces/msg/detail/target__type_support.c
[3.865s] -- Installing: /home/ieerasufcg/arena_ws/install/mocap_interfaces/lib/libmocap_interfaces__rosidl_typesupport_introspection_c.so
[3.865s] -- Set non-toolchain portion of runtime path of "/home/ieerasufcg/arena_ws/install/mocap_interfaces/lib/libmocap_interfaces__rosidl_typesupport_introspection_c.so" to ""
[3.865s] -- Installing: /home/ieerasufcg/arena_ws/install/mocap_interfaces/lib/libmocap_interfaces__rosidl_typesupport_c.so
[3.865s] -- Set non-toolchain portion of runtime path of "/home/ieerasufcg/arena_ws/install/mocap_interfaces/lib/libmocap_interfaces__rosidl_typesupport_c.so" to ""
[3.865s] -- Up-to-date: /home/ieerasufcg/arena_ws/install/mocap_interfaces/include/mocap_interfaces/mocap_interfaces
[3.865s] -- Up-to-date: /home/ieerasufcg/arena_ws/install/mocap_interfaces/include/mocap_interfaces/mocap_interfaces/msg
[3.865s] -- Installing: /home/ieerasufcg/arena_ws/install/mocap_interfaces/include/mocap_interfaces/mocap_interfaces/msg/target.hpp
[3.865s] -- Up-to-date: /home/ieerasufcg/arena_ws/install/mocap_interfaces/include/mocap_interfaces/mocap_interfaces/msg/detail
[3.865s] -- Installing: /home/ieerasufcg/arena_ws/install/mocap_interfaces/include/mocap_interfaces/mocap_interfaces/msg/detail/target__struct.hpp
[3.865s] -- Installing: /home/ieerasufcg/arena_ws/install/mocap_interfaces/include/mocap_interfaces/mocap_interfaces/msg/detail/target__traits.hpp
[3.865s] -- Installing: /home/ieerasufcg/arena_ws/install/mocap_interfaces/include/mocap_interfaces/mocap_interfaces/msg/detail/target__builder.hpp
[3.865s] -- Installing: /home/ieerasufcg/arena_ws/install/mocap_interfaces/include/mocap_interfaces/mocap_interfaces/msg/detail/target__type_support.hpp
[3.865s] -- Installing: /home/ieerasufcg/arena_ws/install/mocap_interfaces/include/mocap_interfaces/mocap_interfaces/msg/rosidl_generator_cpp__visibility_control.hpp
[3.865s] -- Up-to-date: /home/ieerasufcg/arena_ws/install/mocap_interfaces/include/mocap_interfaces/mocap_interfaces
[3.865s] -- Up-to-date: /home/ieerasufcg/arena_ws/install/mocap_interfaces/include/mocap_interfaces/mocap_interfaces/msg
[3.865s] -- Up-to-date: /home/ieerasufcg/arena_ws/install/mocap_interfaces/include/mocap_interfaces/mocap_interfaces/msg/detail
[3.865s] -- Installing: /home/ieerasufcg/arena_ws/install/mocap_interfaces/include/mocap_interfaces/mocap_interfaces/msg/detail/dds_fastrtps
[3.866s] -- Installing: /home/ieerasufcg/arena_ws/install/mocap_interfaces/include/mocap_interfaces/mocap_interfaces/msg/detail/target__rosidl_typesupport_fastrtps_cpp.hpp
[3.866s] -- Installing: /home/ieerasufcg/arena_ws/install/mocap_interfaces/include/mocap_interfaces/mocap_interfaces/msg/rosidl_typesupport_fastrtps_cpp__visibility_control.h
[3.866s] -- Installing: /home/ieerasufcg/arena_ws/install/mocap_interfaces/lib/libmocap_interfaces__rosidl_typesupport_fastrtps_cpp.so
[3.866s] -- Set non-toolchain portion of runtime path of "/home/ieerasufcg/arena_ws/install/mocap_interfaces/lib/libmocap_interfaces__rosidl_typesupport_fastrtps_cpp.so" to ""
[3.866s] -- Up-to-date: /home/ieerasufcg/arena_ws/install/mocap_interfaces/include/mocap_interfaces/mocap_interfaces
[3.866s] -- Up-to-date: /home/ieerasufcg/arena_ws/install/mocap_interfaces/include/mocap_interfaces/mocap_interfaces/msg
[3.866s] -- Up-to-date: /home/ieerasufcg/arena_ws/install/mocap_interfaces/include/mocap_interfaces/mocap_interfaces/msg/detail
[3.866s] -- Installing: /home/ieerasufcg/arena_ws/install/mocap_interfaces/include/mocap_interfaces/mocap_interfaces/msg/detail/target__rosidl_typesupport_introspection_cpp.hpp
[3.866s] -- Installing: /home/ieerasufcg/arena_ws/install/mocap_interfaces/include/mocap_interfaces/mocap_interfaces/msg/detail/target__type_support.cpp
[3.866s] -- Installing: /home/ieerasufcg/arena_ws/install/mocap_interfaces/lib/libmocap_interfaces__rosidl_typesupport_introspection_cpp.so
[3.866s] -- Set non-toolchain portion of runtime path of "/home/ieerasufcg/arena_ws/install/mocap_interfaces/lib/libmocap_interfaces__rosidl_typesupport_introspection_cpp.so" to ""
[3.866s] -- Installing: /home/ieerasufcg/arena_ws/install/mocap_interfaces/lib/libmocap_interfaces__rosidl_typesupport_cpp.so
[3.866s] -- Set non-toolchain portion of runtime path of "/home/ieerasufcg/arena_ws/install/mocap_interfaces/lib/libmocap_interfaces__rosidl_typesupport_cpp.so" to ""
[3.866s] -- Installing: /home/ieerasufcg/arena_ws/install/mocap_interfaces/share/mocap_interfaces/environment/pythonpath.sh
[3.866s] -- Installing: /home/ieerasufcg/arena_ws/install/mocap_interfaces/share/mocap_interfaces/environment/pythonpath.dsv
[3.866s] -- Installing: /home/ieerasufcg/arena_ws/install/mocap_interfaces/lib/python3.12/site-packages/mocap_interfaces-0.0.0-py3.12.egg-info
[3.867s] -- Installing: /home/ieerasufcg/arena_ws/install/mocap_interfaces/lib/python3.12/site-packages/mocap_interfaces-0.0.0-py3.12.egg-info/dependency_links.txt
[3.867s] -- Installing: /home/ieerasufcg/arena_ws/install/mocap_interfaces/lib/python3.12/site-packages/mocap_interfaces-0.0.0-py3.12.egg-info/SOURCES.txt
[3.867s] -- Installing: /home/ieerasufcg/arena_ws/install/mocap_interfaces/lib/python3.12/site-packages/mocap_interfaces-0.0.0-py3.12.egg-info/top_level.txt
[3.867s] -- Installing: /home/ieerasufcg/arena_ws/install/mocap_interfaces/lib/python3.12/site-packages/mocap_interfaces-0.0.0-py3.12.egg-info/PKG-INFO
[3.867s] -- Installing: /home/ieerasufcg/arena_ws/install/mocap_interfaces/lib/python3.12/site-packages/mocap_interfaces
[3.867s] -- Installing: /home/ieerasufcg/arena_ws/install/mocap_interfaces/lib/python3.12/site-packages/mocap_interfaces/_mocap_interfaces_s.ep.rosidl_typesupport_introspection_c.c
[3.867s] -- Installing: /home/ieerasufcg/arena_ws/install/mocap_interfaces/lib/python3.12/site-packages/mocap_interfaces/_mocap_interfaces_s.ep.rosidl_typesupport_c.c
[3.867s] -- Installing: /home/ieerasufcg/arena_ws/install/mocap_interfaces/lib/python3.12/site-packages/mocap_interfaces/mocap_interfaces_s__rosidl_typesupport_introspection_c.so
[3.867s] -- Installing: /home/ieerasufcg/arena_ws/install/mocap_interfaces/lib/python3.12/site-packages/mocap_interfaces/_mocap_interfaces_s.ep.rosidl_typesupport_fastrtps_c.c
[3.867s] -- Installing: /home/ieerasufcg/arena_ws/install/mocap_interfaces/lib/python3.12/site-packages/mocap_interfaces/__init__.py
[3.867s] -- Installing: /home/ieerasufcg/arena_ws/install/mocap_interfaces/lib/python3.12/site-packages/mocap_interfaces/msg
[3.867s] -- Installing: /home/ieerasufcg/arena_ws/install/mocap_interfaces/lib/python3.12/site-packages/mocap_interfaces/msg/_target.py
[3.867s] -- Installing: /home/ieerasufcg/arena_ws/install/mocap_interfaces/lib/python3.12/site-packages/mocap_interfaces/msg/_target_s.c
[3.867s] -- Installing: /home/ieerasufcg/arena_ws/install/mocap_interfaces/lib/python3.12/site-packages/mocap_interfaces/msg/__init__.py
[3.867s] -- Installing: /home/ieerasufcg/arena_ws/install/mocap_interfaces/lib/python3.12/site-packages/mocap_interfaces/mocap_interfaces_s__rosidl_typesupport_c.so
[3.867s] -- Installing: /home/ieerasufcg/arena_ws/install/mocap_interfaces/lib/python3.12/site-packages/mocap_interfaces/mocap_interfaces_s__rosidl_typesupport_fastrtps_c.so
[3.889s] Listing '/home/ieerasufcg/arena_ws/install/mocap_interfaces/lib/python3.12/site-packages/mocap_interfaces'...
[3.889s] Compiling '/home/ieerasufcg/arena_ws/install/mocap_interfaces/lib/python3.12/site-packages/mocap_interfaces/__init__.py'...
[3.889s] Listing '/home/ieerasufcg/arena_ws/install/mocap_interfaces/lib/python3.12/site-packages/mocap_interfaces/msg'...
[3.889s] Compiling '/home/ieerasufcg/arena_ws/install/mocap_interfaces/lib/python3.12/site-packages/mocap_interfaces/msg/__init__.py'...
[3.889s] Compiling '/home/ieerasufcg/arena_ws/install/mocap_interfaces/lib/python3.12/site-packages/mocap_interfaces/msg/_target.py'...
[3.892s] -- Installing: /home/ieerasufcg/arena_ws/install/mocap_interfaces/lib/python3.12/site-packages/mocap_interfaces/mocap_interfaces_s__rosidl_typesupport_fastrtps_c.so
[3.892s] -- Set non-toolchain portion of runtime path of "/home/ieerasufcg/arena_ws/install/mocap_interfaces/lib/python3.12/site-packages/mocap_interfaces/mocap_interfaces_s__rosidl_typesupport_fastrtps_c.so" to ""
[3.892s] -- Installing: /home/ieerasufcg/arena_ws/install/mocap_interfaces/lib/python3.12/site-packages/mocap_interfaces/mocap_interfaces_s__rosidl_typesupport_introspection_c.so
[3.892s] -- Set non-toolchain portion of runtime path of "/home/ieerasufcg/arena_ws/install/mocap_interfaces/lib/python3.12/site-packages/mocap_interfaces/mocap_interfaces_s__rosidl_typesupport_introspection_c.so" to ""
[3.893s] -- Installing: /home/ieerasufcg/arena_ws/install/mocap_interfaces/lib/python3.12/site-packages/mocap_interfaces/mocap_interfaces_s__rosidl_typesupport_c.so
[3.893s] -- Set non-toolchain portion of runtime path of "/home/ieerasufcg/arena_ws/install/mocap_interfaces/lib/python3.12/site-packages/mocap_interfaces/mocap_interfaces_s__rosidl_typesupport_c.so" to ""
[3.893s] -- Installing: /home/ieerasufcg/arena_ws/install/mocap_interfaces/lib/libmocap_interfaces__rosidl_generator_py.so
[3.893s] -- Set non-toolchain portion of runtime path of "/home/ieerasufcg/arena_ws/install/mocap_interfaces/lib/libmocap_interfaces__rosidl_generator_py.so" to ""
[3.893s] -- Installing: /home/ieerasufcg/arena_ws/install/mocap_interfaces/share/mocap_interfaces/msg/Target.idl
[3.893s] -- Installing: /home/ieerasufcg/arena_ws/install/mocap_interfaces/share/mocap_interfaces/msg/Target.msg
[3.893s] -- Installing: /home/ieerasufcg/arena_ws/install/mocap_interfaces/lib/mocap_interfaces/webcam_node
[3.894s] -- Set non-toolchain portion of runtime path of "/home/ieerasufcg/arena_ws/install/mocap_interfaces/lib/mocap_interfaces/webcam_node" to ""
[3.894s] -- Installing: /home/ieerasufcg/arena_ws/install/mocap_interfaces/share/ament_index/resource_index/package_run_dependencies/mocap_interfaces
[3.894s] -- Installing: /home/ieerasufcg/arena_ws/install/mocap_interfaces/share/ament_index/resource_index/parent_prefix_path/mocap_interfaces
[3.894s] -- Installing: /home/ieerasufcg/arena_ws/install/mocap_interfaces/share/mocap_interfaces/environment/ament_prefix_path.sh
[3.894s] -- Installing: /home/ieerasufcg/arena_ws/install/mocap_interfaces/share/mocap_interfaces/environment/ament_prefix_path.dsv
[3.894s] -- Installing: /home/ieerasufcg/arena_ws/install/mocap_interfaces/share/mocap_interfaces/environment/path.sh
[3.894s] -- Installing: /home/ieerasufcg/arena_ws/install/mocap_interfaces/share/mocap_interfaces/environment/path.dsv
[3.894s] -- Installing: /home/ieerasufcg/arena_ws/install/mocap_interfaces/share/mocap_interfaces/local_setup.bash
[3.894s] -- Installing: /home/ieerasufcg/arena_ws/install/mocap_interfaces/share/mocap_interfaces/local_setup.sh
[3.894s] -- Installing: /home/ieerasufcg/arena_ws/install/mocap_interfaces/share/mocap_interfaces/local_setup.zsh
[3.894s] -- Installing: /home/ieerasufcg/arena_ws/install/mocap_interfaces/share/mocap_interfaces/local_setup.dsv
[3.894s] -- Installing: /home/ieerasufcg/arena_ws/install/mocap_interfaces/share/mocap_interfaces/package.dsv
[3.894s] -- Installing: /home/ieerasufcg/arena_ws/install/mocap_interfaces/share/ament_index/resource_index/packages/mocap_interfaces
[3.894s] -- Installing: /home/ieerasufcg/arena_ws/install/mocap_interfaces/share/mocap_interfaces/cmake/export_mocap_interfaces__rosidl_generator_cExport.cmake
[3.894s] -- Installing: /home/ieerasufcg/arena_ws/install/mocap_interfaces/share/mocap_interfaces/cmake/export_mocap_interfaces__rosidl_generator_cExport-noconfig.cmake
[3.894s] -- Installing: /home/ieerasufcg/arena_ws/install/mocap_interfaces/share/mocap_interfaces/cmake/export_mocap_interfaces__rosidl_typesupport_fastrtps_cExport.cmake
[3.895s] -- Installing: /home/ieerasufcg/arena_ws/install/mocap_interfaces/share/mocap_interfaces/cmake/export_mocap_interfaces__rosidl_typesupport_fastrtps_cExport-noconfig.cmake
[3.895s] -- Installing: /home/ieerasufcg/arena_ws/install/mocap_interfaces/share/mocap_interfaces/cmake/mocap_interfaces__rosidl_typesupport_introspection_cExport.cmake
[3.895s] -- Installing: /home/ieerasufcg/arena_ws/install/mocap_interfaces/share/mocap_interfaces/cmake/mocap_interfaces__rosidl_typesupport_introspection_cExport-noconfig.cmake
[3.895s] -- Installing: /home/ieerasufcg/arena_ws/install/mocap_interfaces/share/mocap_interfaces/cmake/mocap_interfaces__rosidl_typesupport_cExport.cmake
[3.895s] -- Installing: /home/ieerasufcg/arena_ws/install/mocap_interfaces/share/mocap_interfaces/cmake/mocap_interfaces__rosidl_typesupport_cExport-noconfig.cmake
[3.895s] -- Installing: /home/ieerasufcg/arena_ws/install/mocap_interfaces/share/mocap_interfaces/cmake/export_mocap_interfaces__rosidl_generator_cppExport.cmake
[3.895s] -- Installing: /home/ieerasufcg/arena_ws/install/mocap_interfaces/share/mocap_interfaces/cmake/export_mocap_interfaces__rosidl_typesupport_fastrtps_cppExport.cmake
[3.895s] -- Installing: /home/ieerasufcg/arena_ws/install/mocap_interfaces/share/mocap_interfaces/cmake/export_mocap_interfaces__rosidl_typesupport_fastrtps_cppExport-noconfig.cmake
[3.895s] -- Installing: /home/ieerasufcg/arena_ws/install/mocap_interfaces/share/mocap_interfaces/cmake/mocap_interfaces__rosidl_typesupport_introspection_cppExport.cmake
[3.895s] -- Installing: /home/ieerasufcg/arena_ws/install/mocap_interfaces/share/mocap_interfaces/cmake/mocap_interfaces__rosidl_typesupport_introspection_cppExport-noconfig.cmake
[3.895s] -- Installing: /home/ieerasufcg/arena_ws/install/mocap_interfaces/share/mocap_interfaces/cmake/mocap_interfaces__rosidl_typesupport_cppExport.cmake
[3.895s] -- Installing: /home/ieerasufcg/arena_ws/install/mocap_interfaces/share/mocap_interfaces/cmake/mocap_interfaces__rosidl_typesupport_cppExport-noconfig.cmake
[3.895s] -- Installing: /home/ieerasufcg/arena_ws/install/mocap_interfaces/share/mocap_interfaces/cmake/export_mocap_interfaces__rosidl_generator_pyExport.cmake
[3.895s] -- Installing: /home/ieerasufcg/arena_ws/install/mocap_interfaces/share/mocap_interfaces/cmake/export_mocap_interfaces__rosidl_generator_pyExport-noconfig.cmake
[3.895s] -- Installing: /home/ieerasufcg/arena_ws/install/mocap_interfaces/share/mocap_interfaces/cmake/rosidl_cmake-extras.cmake
[3.896s] -- Installing: /home/ieerasufcg/arena_ws/install/mocap_interfaces/share/mocap_interfaces/cmake/ament_cmake_export_dependencies-extras.cmake
[3.896s] -- Installing: /home/ieerasufcg/arena_ws/install/mocap_interfaces/share/mocap_interfaces/cmake/ament_cmake_export_include_directories-extras.cmake
[3.896s] -- Installing: /home/ieerasufcg/arena_ws/install/mocap_interfaces/share/mocap_interfaces/cmake/ament_cmake_export_libraries-extras.cmake
[3.896s] -- Installing: /home/ieerasufcg/arena_ws/install/mocap_interfaces/share/mocap_interfaces/cmake/ament_cmake_export_targets-extras.cmake
[3.896s] -- Installing: /home/ieerasufcg/arena_ws/install/mocap_interfaces/share/mocap_interfaces/cmake/rosidl_cmake_export_typesupport_targets-extras.cmake
[3.896s] -- Installing: /home/ieerasufcg/arena_ws/install/mocap_interfaces/share/mocap_interfaces/cmake/rosidl_cmake_export_typesupport_libraries-extras.cmake
[3.896s] -- Installing: /home/ieerasufcg/arena_ws/install/mocap_interfaces/share/mocap_interfaces/cmake/mocap_interfacesConfig.cmake
[3.896s] -- Installing: /home/ieerasufcg/arena_ws/install/mocap_interfaces/share/mocap_interfaces/cmake/mocap_interfacesConfig-version.cmake
[3.896s] -- Installing: /home/ieerasufcg/arena_ws/install/mocap_interfaces/share/mocap_interfaces/package.xml
[3.897s] Invoked command in '/home/ieerasufcg/arena_ws/build/mocap_interfaces' returned '0': CMAKE_PREFIX_PATH=${CMAKE_PREFIX_PATH}:/opt/ros/jazzy DEBUGINFOD_URLS=https://debuginfod.ubuntu.com /usr/bin/cmake --install /home/ieerasufcg/arena_ws/build/mocap_interfaces
