[0.007s] Invoking command in '/home/ieerasufcg/arena_ws/src/mocap_interfaces/build/mocap_interfaces': CMAKE_PREFIX_PATH=${CMAKE_PREFIX_PATH}:/home/ieerasufcg/arena_ws/install/system_logic:/home/ieerasufcg/arena_ws/src/system_logic/install/system_logic:/home/ieerasufcg/Documents/isaac-sim-standalone-5.0.0-linux-x86_64/IsaacSim-ros_workspaces/jazzy_ws/install/isaac_ros_navigation_goal:/opt/ros/jazzy DEBUGINFOD_URLS=https://debuginfod.ubuntu.com /usr/bin/cmake /home/ieerasufcg/arena_ws/src/mocap_interfaces -DCMAKE_INSTALL_PREFIX=/home/ieerasufcg/arena_ws/src/mocap_interfaces/install/mocap_interfaces
[0.039s] -- The C compiler identification is GNU 13.3.0
[0.071s] -- The CXX compiler identification is GNU 13.3.0
[0.080s] -- Detecting C compiler ABI info
[0.130s] -- Detecting C compiler ABI info - done
[0.136s] -- Check for working C compiler: /usr/bin/cc - skipped
[0.136s] -- Detecting C compile features
[0.136s] -- Detecting C compile features - done
[0.142s] -- Detecting CXX compiler ABI info
[0.197s] -- Detecting CXX compiler ABI info - done
[0.203s] -- Check for working CXX compiler: /usr/bin/c++ - skipped
[0.203s] -- Detecting CXX compile features
[0.203s] -- Detecting CXX compile features - done
[0.206s] -- Found ament_cmake: 2.5.4 (/opt/ros/jazzy/share/ament_cmake/cmake)
[0.306s] -- Found Python3: /usr/bin/python3 (found version "3.12.3") found components: Interpreter 
[0.384s] -- Found rosidl_default_generators: 1.6.0 (/opt/ros/jazzy/share/rosidl_default_generators/cmake)
[0.391s] -- Using all available rosidl_typesupport_c: rosidl_typesupport_fastrtps_c;rosidl_typesupport_introspection_c
[0.435s] -- Using all available rosidl_typesupport_cpp: rosidl_typesupport_fastrtps_cpp;rosidl_typesupport_introspection_cpp
[0.470s] -- Found rosidl_adapter: 4.6.5 (/opt/ros/jazzy/share/rosidl_adapter/cmake)
[0.473s] -- Found geometry_msgs: 5.3.6 (/opt/ros/jazzy/share/geometry_msgs/cmake)
[0.510s] -- Found rclcpp: 28.1.10 (/opt/ros/jazzy/share/rclcpp/cmake)
[0.558s] -- Found rmw_implementation_cmake: 7.3.2 (/opt/ros/jazzy/share/rmw_implementation_cmake/cmake)
[0.561s] -- Found rmw_fastrtps_cpp: 8.4.2 (/opt/ros/jazzy/share/rmw_fastrtps_cpp/cmake)
[0.614s] -- Found OpenSSL: /usr/lib/x86_64-linux-gnu/libcrypto.so (found version "3.0.13")  
[0.627s] -- Found FastRTPS: /opt/ros/jazzy/include (Required is at least version "2.13") 
[0.642s] -- Using RMW implementation 'rmw_fastrtps_cpp' as default
[0.693s] -- Found sensor_msgs: 5.3.6 (/opt/ros/jazzy/share/sensor_msgs/cmake)
[0.709s] -- Found cv_bridge: 4.1.0 (/opt/ros/jazzy/share/cv_bridge/cmake)
[0.719s] -- Found image_transport: 5.1.7 (/opt/ros/jazzy/share/image_transport/cmake)
[0.742s] -- Found OpenCV: /usr (found version "4.6.0") 
[1.100s] -- Found ament_cmake_ros: 0.12.0 (/opt/ros/jazzy/share/ament_cmake_ros/cmake)
[1.408s] -- Using all available rosidl_typesupport_c: rosidl_typesupport_fastrtps_c;rosidl_typesupport_introspection_c
[1.807s] -- Using all available rosidl_typesupport_cpp: rosidl_typesupport_fastrtps_cpp;rosidl_typesupport_introspection_cpp
[1.810s] -- Found python_cmake_module: 0.11.1 (/opt/ros/jazzy/share/python_cmake_module/cmake)
[1.893s] -- Found PythonExtra: /usr/bin/python3  
[2.157s] -- Found Python3: /usr/bin/python3 (found version "3.12.3") found components: Interpreter Development NumPy Development.Module Development.Embed 
[2.196s] -- Found ament_lint_auto: 0.17.2 (/opt/ros/jazzy/share/ament_lint_auto/cmake)
[2.220s] -- Added test 'cppcheck' to perform static code analysis on C / C++ code
[2.220s] -- Configured cppcheck include dirs: $<BUILD_INTERFACE:/home/ieerasufcg/arena_ws/src/mocap_interfaces/build/mocap_interfaces/rosidl_generator_c>;$<BUILD_INTERFACE:/home/ieerasufcg/arena_ws/src/mocap_interfaces/build/mocap_interfaces/rosidl_typesupport_fastrtps_c>;$<BUILD_INTERFACE:/home/ieerasufcg/arena_ws/src/mocap_interfaces/build/mocap_interfaces/rosidl_typesupport_introspection_c>;$<BUILD_INTERFACE:/home/ieerasufcg/arena_ws/src/mocap_interfaces/build/mocap_interfaces/rosidl_generator_cpp>;$<BUILD_INTERFACE:/home/ieerasufcg/arena_ws/src/mocap_interfaces/build/mocap_interfaces/rosidl_typesupport_fastrtps_cpp>;$<BUILD_INTERFACE:/home/ieerasufcg/arena_ws/src/mocap_interfaces/build/mocap_interfaces/rosidl_typesupport_introspection_cpp>;/home/ieerasufcg/arena_ws/src/mocap_interfaces/build/mocap_interfaces/rosidl_generator_c;/home/ieerasufcg/arena_ws/src/mocap_interfaces/build/mocap_interfaces/rosidl_generator_py
[2.220s] -- Configured cppcheck exclude dirs and/or files: 
[2.222s] -- Added test 'flake8' to check Python code syntax and style conventions
[2.222s] -- Configured 'flake8' exclude dirs and/or files: 
[2.223s] -- Added test 'lint_cmake' to check CMake code style
[2.224s] -- Added test 'pep257' to check Python code against some of the docstring style conventions in PEP 257
[2.229s] -- Added test 'uncrustify' to check C / C++ code style
[2.229s] -- Configured uncrustify additional arguments: 
[2.230s] -- Added test 'xmllint' to check XML markup files
[2.232s] -- Configuring done (2.2s)
[2.262s] -- Generating done (0.0s)
[2.270s] -- Build files have been written to: /home/ieerasufcg/arena_ws/src/mocap_interfaces/build/mocap_interfaces
[2.278s] Invoked command in '/home/ieerasufcg/arena_ws/src/mocap_interfaces/build/mocap_interfaces' returned '0': CMAKE_PREFIX_PATH=${CMAKE_PREFIX_PATH}:/home/ieerasufcg/arena_ws/install/system_logic:/home/ieerasufcg/arena_ws/src/system_logic/install/system_logic:/home/ieerasufcg/Documents/isaac-sim-standalone-5.0.0-linux-x86_64/IsaacSim-ros_workspaces/jazzy_ws/install/isaac_ros_navigation_goal:/opt/ros/jazzy DEBUGINFOD_URLS=https://debuginfod.ubuntu.com /usr/bin/cmake /home/ieerasufcg/arena_ws/src/mocap_interfaces -DCMAKE_INSTALL_PREFIX=/home/ieerasufcg/arena_ws/src/mocap_interfaces/install/mocap_interfaces
[2.279s] Invoking command in '/home/ieerasufcg/arena_ws/src/mocap_interfaces/build/mocap_interfaces': CMAKE_PREFIX_PATH=${CMAKE_PREFIX_PATH}:/home/ieerasufcg/arena_ws/install/system_logic:/home/ieerasufcg/arena_ws/src/system_logic/install/system_logic:/home/ieerasufcg/Documents/isaac-sim-standalone-5.0.0-linux-x86_64/IsaacSim-ros_workspaces/jazzy_ws/install/isaac_ros_navigation_goal:/opt/ros/jazzy DEBUGINFOD_URLS=https://debuginfod.ubuntu.com /usr/bin/cmake --build /home/ieerasufcg/arena_ws/src/mocap_interfaces/build/mocap_interfaces -- -j16 -l16
[2.310s] [  5%] [34m[1mGenerating type hashes for ROS interfaces[0m
[2.310s] [  5%] [32mBuilding CXX object CMakeFiles/webcam_node.dir/src/webcam_publisher_node.cpp.o[0m
[2.315s] [  5%] Built target ament_cmake_python_copy_mocap_interfaces
[2.420s] [  5%] Built target mocap_interfaces__rosidl_generator_type_description
[2.426s] [  8%] [34m[1mGenerating C code for ROS interfaces[0m
[2.433s] [ 11%] [34m[1mGenerating C++ code for ROS interfaces[0m
[2.466s] running egg_info
[2.466s] creating mocap_interfaces.egg-info
[2.481s] writing mocap_interfaces.egg-info/PKG-INFO
[2.481s] writing dependency_links to mocap_interfaces.egg-info/dependency_links.txt
[2.481s] writing top-level names to mocap_interfaces.egg-info/top_level.txt
[2.481s] writing manifest file 'mocap_interfaces.egg-info/SOURCES.txt'
[2.490s] [01m[K/home/ieerasufcg/arena_ws/src/mocap_interfaces/src/webcam_publisher_node.cpp:11:10:[m[K [01;31m[Kfatal error: [m[Kcv_bridge/cv_bridge.h: No such file or directory
[2.490s]    11 | #include [01;31m[K"cv_bridge/cv_bridge.h"[m[K
[2.490s]       |          [01;31m[K^~~~~~~~~~~~~~~~~~~~~~~[m[K
[2.490s] compilation terminated.
[2.493s] gmake[2]: *** [CMakeFiles/webcam_node.dir/build.make:76: CMakeFiles/webcam_node.dir/src/webcam_publisher_node.cpp.o] Error 1
[2.493s] gmake[1]: *** [CMakeFiles/Makefile2:623: CMakeFiles/webcam_node.dir/all] Error 2
[2.493s] gmake[1]: *** Waiting for unfinished jobs....
[2.525s] reading manifest file 'mocap_interfaces.egg-info/SOURCES.txt'
[2.526s] writing manifest file 'mocap_interfaces.egg-info/SOURCES.txt'
[2.542s] [ 11%] Built target ament_cmake_python_build_mocap_interfaces_egg
[2.567s] [ 11%] Built target mocap_interfaces__cpp
[2.577s] [ 19%] [32mBuilding C object CMakeFiles/mocap_interfaces__rosidl_generator_c.dir/rosidl_generator_c/mocap_interfaces/msg/detail/target__description.c.o[0m
[2.577s] [ 19%] [32mBuilding C object CMakeFiles/mocap_interfaces__rosidl_generator_c.dir/rosidl_generator_c/mocap_interfaces/msg/detail/target__type_support.c.o[0m
[2.577s] [ 19%] [32mBuilding C object CMakeFiles/mocap_interfaces__rosidl_generator_c.dir/rosidl_generator_c/mocap_interfaces/msg/detail/target__functions.c.o[0m
[2.605s] [ 22%] [32m[1mLinking C shared library libmocap_interfaces__rosidl_generator_c.so[0m
[2.628s] [ 22%] Built target mocap_interfaces__rosidl_generator_c
[2.628s] gmake: *** [Makefile:146: all] Error 2
[2.629s] Invoked command in '/home/ieerasufcg/arena_ws/src/mocap_interfaces/build/mocap_interfaces' returned '2': CMAKE_PREFIX_PATH=${CMAKE_PREFIX_PATH}:/home/ieerasufcg/arena_ws/install/system_logic:/home/ieerasufcg/arena_ws/src/system_logic/install/system_logic:/home/ieerasufcg/Documents/isaac-sim-standalone-5.0.0-linux-x86_64/IsaacSim-ros_workspaces/jazzy_ws/install/isaac_ros_navigation_goal:/opt/ros/jazzy DEBUGINFOD_URLS=https://debuginfod.ubuntu.com /usr/bin/cmake --build /home/ieerasufcg/arena_ws/src/mocap_interfaces/build/mocap_interfaces -- -j16 -l16
