[0.007s] Invoking command in '/home/ieerasufcg/arena_ws/src/build/mocap_interfaces': CMAKE_PREFIX_PATH=${CMAKE_PREFIX_PATH}:/home/ieerasufcg/arena_ws/src/system_logic/install/system_logic:/home/ieerasufcg/Documents/isaac-sim-standalone-5.0.0-linux-x86_64/IsaacSim-ros_workspaces/jazzy_ws/install/isaac_ros_navigation_goal:/opt/ros/jazzy DEBUGINFOD_URLS=https://debuginfod.ubuntu.com /usr/bin/cmake /home/ieerasufcg/arena_ws/src/mocap_interfaces -DCMAKE_INSTALL_PREFIX=/home/ieerasufcg/arena_ws/src/install/mocap_interfaces
[0.038s] -- The C compiler identification is GNU 13.3.0
[0.069s] -- The CXX compiler identification is GNU 13.3.0
[0.078s] -- Detecting C compiler ABI info
[0.127s] -- Detecting C compiler ABI info - done
[0.133s] -- Check for working C compiler: /usr/bin/cc - skipped
[0.133s] -- Detecting C compile features
[0.133s] -- Detecting C compile features - done
[0.138s] -- Detecting CXX compiler ABI info
[0.193s] -- Detecting CXX compiler ABI info - done
[0.198s] -- Check for working CXX compiler: /usr/bin/c++ - skipped
[0.198s] -- Detecting CXX compile features
[0.198s] -- Detecting CXX compile features - done
[0.201s] -- Found ament_cmake: 2.5.4 (/opt/ros/jazzy/share/ament_cmake/cmake)
[0.297s] -- Found Python3: /usr/bin/python3 (found version "3.12.3") found components: Interpreter 
[0.375s] -- Found rosidl_default_generators: 1.6.0 (/opt/ros/jazzy/share/rosidl_default_generators/cmake)
[0.381s] -- Using all available rosidl_typesupport_c: rosidl_typesupport_fastrtps_c;rosidl_typesupport_introspection_c
[0.424s] -- Using all available rosidl_typesupport_cpp: rosidl_typesupport_fastrtps_cpp;rosidl_typesupport_introspection_cpp
[0.459s] -- Found rosidl_adapter: 4.6.5 (/opt/ros/jazzy/share/rosidl_adapter/cmake)
[0.462s] -- Found geometry_msgs: 5.3.6 (/opt/ros/jazzy/share/geometry_msgs/cmake)
[0.624s] [31mCMake Error at /opt/ros/jazzy/share/rosidl_cmake/cmake/rosidl_generate_interfaces.cmake:207 (add_custom_target):
[0.624s]   The target name "$Mocap_Smart" is reserved or not valid for certain CMake
[0.624s]   features, such as generator expressions, and may result in undefined
[0.624s]   behavior.
[0.624s] Call Stack (most recent call first):
[0.624s]   CMakeLists.txt:15 (rosidl_generate_interfaces)
[0.624s] 
[0.624s] [0m
[0.626s] -- Found ament_lint_auto: 0.17.2 (/opt/ros/jazzy/share/ament_lint_auto/cmake)
[0.698s] -- Added test 'lint_cmake' to check CMake code style
[0.699s] -- Added test 'xmllint' to check XML markup files
[0.700s] -- Configuring incomplete, errors occurred!
[0.705s] Invoked command in '/home/ieerasufcg/arena_ws/src/build/mocap_interfaces' returned '1': CMAKE_PREFIX_PATH=${CMAKE_PREFIX_PATH}:/home/ieerasufcg/arena_ws/src/system_logic/install/system_logic:/home/ieerasufcg/Documents/isaac-sim-standalone-5.0.0-linux-x86_64/IsaacSim-ros_workspaces/jazzy_ws/install/isaac_ros_navigation_goal:/opt/ros/jazzy DEBUGINFOD_URLS=https://debuginfod.ubuntu.com /usr/bin/cmake /home/ieerasufcg/arena_ws/src/mocap_interfaces -DCMAKE_INSTALL_PREFIX=/home/ieerasufcg/arena_ws/src/install/mocap_interfaces
