[0.069s] DEBUG:colcon:Command line arguments: ['/usr/bin/colcon', 'build', '--packages-select', 'mocap_interfaces']
[0.069s] DEBUG:colcon:Parsed command line arguments: Namespace(log_base=None, log_level=None, verb_name='build', build_base='build', install_base='install', merge_install=False, symlink_install=False, test_result_base=None, continue_on_error=False, executor='parallel', parallel_workers=16, event_handlers=None, ignore_user_meta=False, metas=['./colcon.meta'], base_paths=['.'], packages_ignore=None, packages_ignore_regex=None, paths=None, packages_up_to=None, packages_up_to_regex=None, packages_above=None, packages_above_and_dependencies=None, packages_above_depth=None, packages_select_by_dep=None, packages_skip_by_dep=None, packages_skip_up_to=None, packages_select_build_failed=False, packages_skip_build_finished=False, packages_select_test_failures=False, packages_skip_test_passed=False, packages_select=['mocap_interfaces'], packages_skip=None, packages_select_regex=None, packages_skip_regex=None, packages_start=None, packages_end=None, allow_overriding=[], cmake_args=None, cmake_target=None, cmake_target_skip_unavailable=False, cmake_clean_cache=False, cmake_clean_first=False, cmake_force_configure=False, ament_cmake_args=None, catkin_cmake_args=None, catkin_skip_building_tests=False, mixin_files=None, mixin=None, verb_parser=<colcon_mixin.mixin.mixin_argument.MixinArgumentDecorator object at 0x72d6f049d8e0>, verb_extension=<colcon_core.verb.build.BuildVerb object at 0x72d6f049d490>, main=<bound method BuildVerb.main of <colcon_core.verb.build.BuildVerb object at 0x72d6f049d490>>, mixin_verb=('build',))
[0.091s] Level 1:colcon.colcon_core.package_discovery:discover_packages(colcon_meta) check parameters
[0.091s] Level 1:colcon.colcon_core.package_discovery:discover_packages(recursive) check parameters
[0.091s] Level 1:colcon.colcon_core.package_discovery:discover_packages(ignore) check parameters
[0.091s] Level 1:colcon.colcon_core.package_discovery:discover_packages(path) check parameters
[0.091s] Level 1:colcon.colcon_core.package_discovery:discover_packages(colcon_meta) discover
[0.091s] Level 1:colcon.colcon_core.package_discovery:discover_packages(recursive) discover
[0.091s] INFO:colcon.colcon_core.package_discovery:Crawling recursively for packages in '/home/ieerasufcg/arena_ws'
[0.091s] Level 1:colcon.colcon_core.package_identification:_identify(.) by extensions ['ignore', 'ignore_ament_install']
[0.091s] Level 1:colcon.colcon_core.package_identification:_identify(.) by extension 'ignore'
[0.091s] Level 1:colcon.colcon_core.package_identification:_identify(.) by extension 'ignore_ament_install'
[0.091s] Level 1:colcon.colcon_core.package_identification:_identify(.) by extensions ['colcon_pkg']
[0.091s] Level 1:colcon.colcon_core.package_identification:_identify(.) by extension 'colcon_pkg'
[0.091s] Level 1:colcon.colcon_core.package_identification:_identify(.) by extensions ['colcon_meta']
[0.091s] Level 1:colcon.colcon_core.package_identification:_identify(.) by extension 'colcon_meta'
[0.091s] Level 1:colcon.colcon_core.package_identification:_identify(.) by extensions ['ros']
[0.091s] Level 1:colcon.colcon_core.package_identification:_identify(.) by extension 'ros'
[0.106s] Level 1:colcon.colcon_core.package_identification:_identify(.) by extensions ['cmake', 'python']
[0.106s] Level 1:colcon.colcon_core.package_identification:_identify(.) by extension 'cmake'
[0.106s] Level 1:colcon.colcon_core.package_identification:_identify(.) by extension 'python'
[0.106s] Level 1:colcon.colcon_core.package_identification:_identify(.) by extensions ['python_setup_py']
[0.106s] Level 1:colcon.colcon_core.package_identification:_identify(.) by extension 'python_setup_py'
[0.106s] Level 1:colcon.colcon_core.package_identification:_identify(build) by extensions ['ignore', 'ignore_ament_install']
[0.106s] Level 1:colcon.colcon_core.package_identification:_identify(build) by extension 'ignore'
[0.106s] Level 1:colcon.colcon_core.package_identification:_identify(build) ignored
[0.106s] Level 1:colcon.colcon_core.package_identification:_identify(install) by extensions ['ignore', 'ignore_ament_install']
[0.106s] Level 1:colcon.colcon_core.package_identification:_identify(install) by extension 'ignore'
[0.106s] Level 1:colcon.colcon_core.package_identification:_identify(install) ignored
[0.106s] Level 1:colcon.colcon_core.package_identification:_identify(log) by extensions ['ignore', 'ignore_ament_install']
[0.106s] Level 1:colcon.colcon_core.package_identification:_identify(log) by extension 'ignore'
[0.107s] Level 1:colcon.colcon_core.package_identification:_identify(log) ignored
[0.107s] Level 1:colcon.colcon_core.package_identification:_identify(src) by extensions ['ignore', 'ignore_ament_install']
[0.107s] Level 1:colcon.colcon_core.package_identification:_identify(src) by extension 'ignore'
[0.107s] Level 1:colcon.colcon_core.package_identification:_identify(src) by extension 'ignore_ament_install'
[0.107s] Level 1:colcon.colcon_core.package_identification:_identify(src) by extensions ['colcon_pkg']
[0.107s] Level 1:colcon.colcon_core.package_identification:_identify(src) by extension 'colcon_pkg'
[0.107s] Level 1:colcon.colcon_core.package_identification:_identify(src) by extensions ['colcon_meta']
[0.107s] Level 1:colcon.colcon_core.package_identification:_identify(src) by extension 'colcon_meta'
[0.107s] Level 1:colcon.colcon_core.package_identification:_identify(src) by extensions ['ros']
[0.107s] Level 1:colcon.colcon_core.package_identification:_identify(src) by extension 'ros'
[0.107s] Level 1:colcon.colcon_core.package_identification:_identify(src) by extensions ['cmake', 'python']
[0.107s] Level 1:colcon.colcon_core.package_identification:_identify(src) by extension 'cmake'
[0.107s] Level 1:colcon.colcon_core.package_identification:_identify(src) by extension 'python'
[0.107s] Level 1:colcon.colcon_core.package_identification:_identify(src) by extensions ['python_setup_py']
[0.107s] Level 1:colcon.colcon_core.package_identification:_identify(src) by extension 'python_setup_py'
[0.107s] Level 1:colcon.colcon_core.package_identification:_identify(src/build) by extensions ['ignore', 'ignore_ament_install']
[0.107s] Level 1:colcon.colcon_core.package_identification:_identify(src/build) by extension 'ignore'
[0.107s] Level 1:colcon.colcon_core.package_identification:_identify(src/build) ignored
[0.107s] Level 1:colcon.colcon_core.package_identification:_identify(src/log) by extensions ['ignore', 'ignore_ament_install']
[0.107s] Level 1:colcon.colcon_core.package_identification:_identify(src/log) by extension 'ignore'
[0.107s] Level 1:colcon.colcon_core.package_identification:_identify(src/log) ignored
[0.107s] Level 1:colcon.colcon_core.package_identification:_identify(src/mocap_interfaces) by extensions ['ignore', 'ignore_ament_install']
[0.107s] Level 1:colcon.colcon_core.package_identification:_identify(src/mocap_interfaces) by extension 'ignore'
[0.107s] Level 1:colcon.colcon_core.package_identification:_identify(src/mocap_interfaces) by extension 'ignore_ament_install'
[0.107s] Level 1:colcon.colcon_core.package_identification:_identify(src/mocap_interfaces) by extensions ['colcon_pkg']
[0.107s] Level 1:colcon.colcon_core.package_identification:_identify(src/mocap_interfaces) by extension 'colcon_pkg'
[0.107s] Level 1:colcon.colcon_core.package_identification:_identify(src/mocap_interfaces) by extensions ['colcon_meta']
[0.107s] Level 1:colcon.colcon_core.package_identification:_identify(src/mocap_interfaces) by extension 'colcon_meta'
[0.107s] Level 1:colcon.colcon_core.package_identification:_identify(src/mocap_interfaces) by extensions ['ros']
[0.107s] Level 1:colcon.colcon_core.package_identification:_identify(src/mocap_interfaces) by extension 'ros'
[0.109s] DEBUG:colcon.colcon_core.package_identification:Package 'src/mocap_interfaces' with type 'ros.ament_cmake' and name 'mocap_interfaces'
[0.109s] Level 1:colcon.colcon_core.package_identification:_identify(src/system_logic) by extensions ['ignore', 'ignore_ament_install']
[0.109s] Level 1:colcon.colcon_core.package_identification:_identify(src/system_logic) by extension 'ignore'
[0.109s] Level 1:colcon.colcon_core.package_identification:_identify(src/system_logic) by extension 'ignore_ament_install'
[0.109s] Level 1:colcon.colcon_core.package_identification:_identify(src/system_logic) by extensions ['colcon_pkg']
[0.109s] Level 1:colcon.colcon_core.package_identification:_identify(src/system_logic) by extension 'colcon_pkg'
[0.109s] Level 1:colcon.colcon_core.package_identification:_identify(src/system_logic) by extensions ['colcon_meta']
[0.109s] Level 1:colcon.colcon_core.package_identification:_identify(src/system_logic) by extension 'colcon_meta'
[0.109s] Level 1:colcon.colcon_core.package_identification:_identify(src/system_logic) by extensions ['ros']
[0.109s] Level 1:colcon.colcon_core.package_identification:_identify(src/system_logic) by extension 'ros'
[0.110s] DEBUG:colcon.colcon_core.package_identification:Package 'src/system_logic' with type 'ros.ament_python' and name 'system_logic'
[0.110s] Level 1:colcon.colcon_core.package_discovery:discover_packages(recursive) using defaults
[0.110s] Level 1:colcon.colcon_core.package_discovery:discover_packages(ignore) discover
[0.110s] Level 1:colcon.colcon_core.package_discovery:discover_packages(ignore) using defaults
[0.110s] Level 1:colcon.colcon_core.package_discovery:discover_packages(path) discover
[0.110s] Level 1:colcon.colcon_core.package_discovery:discover_packages(path) using defaults
[0.120s] INFO:colcon.colcon_core.package_selection:Skipping not selected package 'system_logic' in 'src/system_logic'
[0.120s] Level 1:colcon.colcon_core.package_discovery:discover_packages(prefix_path) check parameters
[0.120s] Level 1:colcon.colcon_core.package_discovery:discover_packages(prefix_path) discover
[0.122s] DEBUG:colcon.colcon_installed_package_information.package_discovery:Found 479 installed packages in /opt/ros/jazzy
[0.123s] Level 1:colcon.colcon_core.package_discovery:discover_packages(prefix_path) using defaults
[0.158s] Level 5:colcon.colcon_core.verb:set package 'mocap_interfaces' build argument 'cmake_args' from command line to 'None'
[0.158s] Level 5:colcon.colcon_core.verb:set package 'mocap_interfaces' build argument 'cmake_target' from command line to 'None'
[0.158s] Level 5:colcon.colcon_core.verb:set package 'mocap_interfaces' build argument 'cmake_target_skip_unavailable' from command line to 'False'
[0.158s] Level 5:colcon.colcon_core.verb:set package 'mocap_interfaces' build argument 'cmake_clean_cache' from command line to 'False'
[0.158s] Level 5:colcon.colcon_core.verb:set package 'mocap_interfaces' build argument 'cmake_clean_first' from command line to 'False'
[0.158s] Level 5:colcon.colcon_core.verb:set package 'mocap_interfaces' build argument 'cmake_force_configure' from command line to 'False'
[0.158s] Level 5:colcon.colcon_core.verb:set package 'mocap_interfaces' build argument 'ament_cmake_args' from command line to 'None'
[0.158s] Level 5:colcon.colcon_core.verb:set package 'mocap_interfaces' build argument 'catkin_cmake_args' from command line to 'None'
[0.158s] Level 5:colcon.colcon_core.verb:set package 'mocap_interfaces' build argument 'catkin_skip_building_tests' from command line to 'False'
[0.158s] DEBUG:colcon.colcon_core.verb:Building package 'mocap_interfaces' with the following arguments: {'ament_cmake_args': None, 'build_base': '/home/ieerasufcg/arena_ws/build/mocap_interfaces', 'catkin_cmake_args': None, 'catkin_skip_building_tests': False, 'cmake_args': None, 'cmake_clean_cache': False, 'cmake_clean_first': False, 'cmake_force_configure': False, 'cmake_target': None, 'cmake_target_skip_unavailable': False, 'install_base': '/home/ieerasufcg/arena_ws/install/mocap_interfaces', 'merge_install': False, 'path': '/home/ieerasufcg/arena_ws/src/mocap_interfaces', 'symlink_install': False, 'test_result_base': None}
[0.158s] INFO:colcon.colcon_core.executor:Executing jobs using 'parallel' executor
[0.158s] DEBUG:colcon.colcon_parallel_executor.executor.parallel:run_until_complete
[0.159s] INFO:colcon.colcon_ros.task.ament_cmake.build:Building ROS package in '/home/ieerasufcg/arena_ws/src/mocap_interfaces' with build type 'ament_cmake'
[0.159s] INFO:colcon.colcon_cmake.task.cmake.build:Building CMake package in '/home/ieerasufcg/arena_ws/src/mocap_interfaces'
[0.160s] INFO:colcon.colcon_core.plugin_system:Skipping extension 'colcon_core.shell.bat': Not used on non-Windows systems
[0.160s] INFO:colcon.colcon_core.shell:Skip shell extension 'powershell' for command environment: Not usable outside of PowerShell
[0.160s] DEBUG:colcon.colcon_core.shell:Skip shell extension 'dsv' for command environment
[0.165s] DEBUG:colcon.colcon_core.event_handler.log_command:Invoking command in '/home/ieerasufcg/arena_ws/build/mocap_interfaces': CMAKE_PREFIX_PATH=${CMAKE_PREFIX_PATH}:/opt/ros/jazzy DEBUGINFOD_URLS=https://debuginfod.ubuntu.com /usr/bin/cmake --build /home/ieerasufcg/arena_ws/build/mocap_interfaces -- -j16 -l16
[4.011s] DEBUG:colcon.colcon_core.event_handler.log_command:Invoked command in '/home/ieerasufcg/arena_ws/build/mocap_interfaces' returned '0': CMAKE_PREFIX_PATH=${CMAKE_PREFIX_PATH}:/opt/ros/jazzy DEBUGINFOD_URLS=https://debuginfod.ubuntu.com /usr/bin/cmake --build /home/ieerasufcg/arena_ws/build/mocap_interfaces -- -j16 -l16
[4.016s] DEBUG:colcon.colcon_core.event_handler.log_command:Invoking command in '/home/ieerasufcg/arena_ws/build/mocap_interfaces': CMAKE_PREFIX_PATH=${CMAKE_PREFIX_PATH}:/opt/ros/jazzy DEBUGINFOD_URLS=https://debuginfod.ubuntu.com /usr/bin/cmake --install /home/ieerasufcg/arena_ws/build/mocap_interfaces
[4.056s] Level 1:colcon.colcon_core.environment:create_environment_scripts_only(mocap_interfaces)
[4.056s] DEBUG:colcon.colcon_core.event_handler.log_command:Invoked command in '/home/ieerasufcg/arena_ws/build/mocap_interfaces' returned '0': CMAKE_PREFIX_PATH=${CMAKE_PREFIX_PATH}:/opt/ros/jazzy DEBUGINFOD_URLS=https://debuginfod.ubuntu.com /usr/bin/cmake --install /home/ieerasufcg/arena_ws/build/mocap_interfaces
[4.057s] Level 1:colcon.colcon_core.environment:checking '/home/ieerasufcg/arena_ws/install/mocap_interfaces' for CMake module files
[4.058s] Level 1:colcon.colcon_core.environment:checking '/home/ieerasufcg/arena_ws/install/mocap_interfaces' for CMake config files
[4.058s] Level 1:colcon.colcon_core.shell:create_environment_hook('mocap_interfaces', 'cmake_prefix_path')
[4.058s] INFO:colcon.colcon_core.shell:Creating environment hook '/home/ieerasufcg/arena_ws/install/mocap_interfaces/share/mocap_interfaces/hook/cmake_prefix_path.ps1'
[4.058s] INFO:colcon.colcon_core.shell:Creating environment descriptor '/home/ieerasufcg/arena_ws/install/mocap_interfaces/share/mocap_interfaces/hook/cmake_prefix_path.dsv'
[4.058s] INFO:colcon.colcon_core.shell:Creating environment hook '/home/ieerasufcg/arena_ws/install/mocap_interfaces/share/mocap_interfaces/hook/cmake_prefix_path.sh'
[4.059s] Level 1:colcon.colcon_core.environment:checking '/home/ieerasufcg/arena_ws/install/mocap_interfaces/lib'
[4.059s] Level 1:colcon.colcon_core.shell:create_environment_hook('mocap_interfaces', 'ld_library_path_lib')
[4.059s] INFO:colcon.colcon_core.shell:Creating environment hook '/home/ieerasufcg/arena_ws/install/mocap_interfaces/share/mocap_interfaces/hook/ld_library_path_lib.ps1'
[4.059s] INFO:colcon.colcon_core.shell:Creating environment descriptor '/home/ieerasufcg/arena_ws/install/mocap_interfaces/share/mocap_interfaces/hook/ld_library_path_lib.dsv'
[4.059s] INFO:colcon.colcon_core.shell:Creating environment hook '/home/ieerasufcg/arena_ws/install/mocap_interfaces/share/mocap_interfaces/hook/ld_library_path_lib.sh'
[4.060s] Level 1:colcon.colcon_core.environment:checking '/home/ieerasufcg/arena_ws/install/mocap_interfaces/bin'
[4.060s] Level 1:colcon.colcon_core.environment:checking '/home/ieerasufcg/arena_ws/install/mocap_interfaces/lib/pkgconfig/mocap_interfaces.pc'
[4.060s] Level 1:colcon.colcon_core.environment:checking '/home/ieerasufcg/arena_ws/install/mocap_interfaces/lib/python3.12/site-packages'
[4.060s] Level 1:colcon.colcon_core.shell:create_environment_hook('mocap_interfaces', 'pythonpath')
[4.060s] INFO:colcon.colcon_core.shell:Creating environment hook '/home/ieerasufcg/arena_ws/install/mocap_interfaces/share/mocap_interfaces/hook/pythonpath.ps1'
[4.060s] INFO:colcon.colcon_core.shell:Creating environment descriptor '/home/ieerasufcg/arena_ws/install/mocap_interfaces/share/mocap_interfaces/hook/pythonpath.dsv'
[4.060s] INFO:colcon.colcon_core.shell:Creating environment hook '/home/ieerasufcg/arena_ws/install/mocap_interfaces/share/mocap_interfaces/hook/pythonpath.sh'
[4.061s] Level 1:colcon.colcon_core.environment:checking '/home/ieerasufcg/arena_ws/install/mocap_interfaces/bin'
[4.061s] INFO:colcon.colcon_core.shell:Creating package script '/home/ieerasufcg/arena_ws/install/mocap_interfaces/share/mocap_interfaces/package.ps1'
[4.061s] INFO:colcon.colcon_core.shell:Creating package descriptor '/home/ieerasufcg/arena_ws/install/mocap_interfaces/share/mocap_interfaces/package.dsv'
[4.062s] INFO:colcon.colcon_core.shell:Creating package script '/home/ieerasufcg/arena_ws/install/mocap_interfaces/share/mocap_interfaces/package.sh'
[4.062s] INFO:colcon.colcon_core.shell:Creating package script '/home/ieerasufcg/arena_ws/install/mocap_interfaces/share/mocap_interfaces/package.bash'
[4.062s] INFO:colcon.colcon_core.shell:Creating package script '/home/ieerasufcg/arena_ws/install/mocap_interfaces/share/mocap_interfaces/package.zsh'
[4.063s] Level 1:colcon.colcon_core.environment:create_file_with_runtime_dependencies(/home/ieerasufcg/arena_ws/install/mocap_interfaces/share/colcon-core/packages/mocap_interfaces)
[4.063s] Level 1:colcon.colcon_core.environment:create_environment_scripts_only(mocap_interfaces)
[4.063s] Level 1:colcon.colcon_core.environment:checking '/home/ieerasufcg/arena_ws/install/mocap_interfaces' for CMake module files
[4.063s] Level 1:colcon.colcon_core.environment:checking '/home/ieerasufcg/arena_ws/install/mocap_interfaces' for CMake config files
[4.063s] Level 1:colcon.colcon_core.shell:create_environment_hook('mocap_interfaces', 'cmake_prefix_path')
[4.064s] INFO:colcon.colcon_core.shell:Creating environment hook '/home/ieerasufcg/arena_ws/install/mocap_interfaces/share/mocap_interfaces/hook/cmake_prefix_path.ps1'
[4.064s] INFO:colcon.colcon_core.shell:Creating environment descriptor '/home/ieerasufcg/arena_ws/install/mocap_interfaces/share/mocap_interfaces/hook/cmake_prefix_path.dsv'
[4.064s] INFO:colcon.colcon_core.shell:Creating environment hook '/home/ieerasufcg/arena_ws/install/mocap_interfaces/share/mocap_interfaces/hook/cmake_prefix_path.sh'
[4.064s] Level 1:colcon.colcon_core.environment:checking '/home/ieerasufcg/arena_ws/install/mocap_interfaces/lib'
[4.064s] Level 1:colcon.colcon_core.shell:create_environment_hook('mocap_interfaces', 'ld_library_path_lib')
[4.064s] INFO:colcon.colcon_core.shell:Creating environment hook '/home/ieerasufcg/arena_ws/install/mocap_interfaces/share/mocap_interfaces/hook/ld_library_path_lib.ps1'
[4.065s] INFO:colcon.colcon_core.shell:Creating environment descriptor '/home/ieerasufcg/arena_ws/install/mocap_interfaces/share/mocap_interfaces/hook/ld_library_path_lib.dsv'
[4.065s] INFO:colcon.colcon_core.shell:Creating environment hook '/home/ieerasufcg/arena_ws/install/mocap_interfaces/share/mocap_interfaces/hook/ld_library_path_lib.sh'
[4.065s] Level 1:colcon.colcon_core.environment:checking '/home/ieerasufcg/arena_ws/install/mocap_interfaces/bin'
[4.065s] Level 1:colcon.colcon_core.environment:checking '/home/ieerasufcg/arena_ws/install/mocap_interfaces/lib/pkgconfig/mocap_interfaces.pc'
[4.065s] Level 1:colcon.colcon_core.environment:checking '/home/ieerasufcg/arena_ws/install/mocap_interfaces/lib/python3.12/site-packages'
[4.065s] Level 1:colcon.colcon_core.shell:create_environment_hook('mocap_interfaces', 'pythonpath')
[4.065s] INFO:colcon.colcon_core.shell:Creating environment hook '/home/ieerasufcg/arena_ws/install/mocap_interfaces/share/mocap_interfaces/hook/pythonpath.ps1'
[4.072s] INFO:colcon.colcon_core.shell:Creating environment descriptor '/home/ieerasufcg/arena_ws/install/mocap_interfaces/share/mocap_interfaces/hook/pythonpath.dsv'
[4.072s] INFO:colcon.colcon_core.shell:Creating environment hook '/home/ieerasufcg/arena_ws/install/mocap_interfaces/share/mocap_interfaces/hook/pythonpath.sh'
[4.072s] Level 1:colcon.colcon_core.environment:checking '/home/ieerasufcg/arena_ws/install/mocap_interfaces/bin'
[4.072s] INFO:colcon.colcon_core.shell:Creating package script '/home/ieerasufcg/arena_ws/install/mocap_interfaces/share/mocap_interfaces/package.ps1'
[4.073s] INFO:colcon.colcon_core.shell:Creating package descriptor '/home/ieerasufcg/arena_ws/install/mocap_interfaces/share/mocap_interfaces/package.dsv'
[4.073s] INFO:colcon.colcon_core.shell:Creating package script '/home/ieerasufcg/arena_ws/install/mocap_interfaces/share/mocap_interfaces/package.sh'
[4.073s] INFO:colcon.colcon_core.shell:Creating package script '/home/ieerasufcg/arena_ws/install/mocap_interfaces/share/mocap_interfaces/package.bash'
[4.074s] INFO:colcon.colcon_core.shell:Creating package script '/home/ieerasufcg/arena_ws/install/mocap_interfaces/share/mocap_interfaces/package.zsh'
[4.074s] Level 1:colcon.colcon_core.environment:create_file_with_runtime_dependencies(/home/ieerasufcg/arena_ws/install/mocap_interfaces/share/colcon-core/packages/mocap_interfaces)
[4.074s] DEBUG:colcon.colcon_parallel_executor.executor.parallel:closing loop
[4.074s] DEBUG:colcon.colcon_parallel_executor.executor.parallel:loop closed
[4.074s] DEBUG:colcon.colcon_parallel_executor.executor.parallel:run_until_complete finished with '0'
[4.074s] DEBUG:colcon.colcon_core.event_reactor:joining thread
[4.077s] INFO:colcon.colcon_core.plugin_system:Skipping extension 'colcon_notification.desktop_notification.terminal_notifier': Not used on non-Darwin systems
[4.077s] INFO:colcon.colcon_core.plugin_system:Skipping extension 'colcon_notification.desktop_notification.win32': Not used on non-Windows systems
[4.077s] INFO:colcon.colcon_notification.desktop_notification:Sending desktop notification using 'notify2'
[4.085s] DEBUG:colcon.colcon_core.event_reactor:joined thread
[4.085s] INFO:colcon.colcon_core.shell:Creating prefix script '/home/ieerasufcg/arena_ws/install/local_setup.ps1'
[4.086s] INFO:colcon.colcon_core.shell:Creating prefix util module '/home/ieerasufcg/arena_ws/install/_local_setup_util_ps1.py'
[4.087s] INFO:colcon.colcon_core.shell:Creating prefix chain script '/home/ieerasufcg/arena_ws/install/setup.ps1'
[4.087s] INFO:colcon.colcon_core.shell:Creating prefix script '/home/ieerasufcg/arena_ws/install/local_setup.sh'
[4.087s] INFO:colcon.colcon_core.shell:Creating prefix util module '/home/ieerasufcg/arena_ws/install/_local_setup_util_sh.py'
[4.088s] INFO:colcon.colcon_core.shell:Creating prefix chain script '/home/ieerasufcg/arena_ws/install/setup.sh'
[4.088s] INFO:colcon.colcon_core.shell:Creating prefix script '/home/ieerasufcg/arena_ws/install/local_setup.bash'
[4.088s] INFO:colcon.colcon_core.shell:Creating prefix chain script '/home/ieerasufcg/arena_ws/install/setup.bash'
[4.089s] INFO:colcon.colcon_core.shell:Creating prefix script '/home/ieerasufcg/arena_ws/install/local_setup.zsh'
[4.089s] INFO:colcon.colcon_core.shell:Creating prefix chain script '/home/ieerasufcg/arena_ws/install/setup.zsh'
