[0.007s] Invoking command in '/home/ieerasufcg/arena_ws/src/mocap_interfaces/build/mocap_interfaces': CMAKE_PREFIX_PATH=${CMAKE_PREFIX_PATH}:/home/ieerasufcg/arena_ws/install/system_logic:/home/ieerasufcg/arena_ws/src/system_logic/install/system_logic:/home/ieerasufcg/Documents/isaac-sim-standalone-5.0.0-linux-x86_64/IsaacSim-ros_workspaces/jazzy_ws/install/isaac_ros_navigation_goal:/opt/ros/jazzy DEBUGINFOD_URLS=https://debuginfod.ubuntu.com /usr/bin/cmake --build /home/ieerasufcg/arena_ws/src/mocap_interfaces/build/mocap_interfaces -- -j16 -l16
[0.024s] -- Found ament_cmake: 2.5.4 (/opt/ros/jazzy/share/ament_cmake/cmake)
[0.040s] -- Found Python3: /usr/bin/python3 (found version "3.12.3") found components: Interpreter 
[0.089s] -- Found rosidl_default_generators: 1.6.0 (/opt/ros/jazzy/share/rosidl_default_generators/cmake)
[0.091s] -- Using all available rosidl_typesupport_c: rosidl_typesupport_fastrtps_c;rosidl_typesupport_introspection_c
[0.113s] -- Using all available rosidl_typesupport_cpp: rosidl_typesupport_fastrtps_cpp;rosidl_typesupport_introspection_cpp
[0.130s] -- Found rosidl_adapter: 4.6.5 (/opt/ros/jazzy/share/rosidl_adapter/cmake)
[0.131s] -- Found geometry_msgs: 5.3.6 (/opt/ros/jazzy/share/geometry_msgs/cmake)
[0.156s] -- Found rclcpp: 28.1.10 (/opt/ros/jazzy/share/rclcpp/cmake)
[0.187s] -- Found rmw_implementation_cmake: 7.3.2 (/opt/ros/jazzy/share/rmw_implementation_cmake/cmake)
[0.188s] -- Found rmw_fastrtps_cpp: 8.4.2 (/opt/ros/jazzy/share/rmw_fastrtps_cpp/cmake)
[0.227s] -- Using RMW implementation 'rmw_fastrtps_cpp' as default
[0.265s] -- Found sensor_msgs: 5.3.6 (/opt/ros/jazzy/share/sensor_msgs/cmake)
[0.279s] -- Found cv_bridge: 4.1.0 (/opt/ros/jazzy/share/cv_bridge/cmake)
[0.285s] -- Found image_transport: 5.1.7 (/opt/ros/jazzy/share/image_transport/cmake)
[0.459s] -- Found ament_cmake_ros: 0.12.0 (/opt/ros/jazzy/share/ament_cmake_ros/cmake)
[0.561s] -- Using all available rosidl_typesupport_c: rosidl_typesupport_fastrtps_c;rosidl_typesupport_introspection_c
[0.693s] -- Using all available rosidl_typesupport_cpp: rosidl_typesupport_fastrtps_cpp;rosidl_typesupport_introspection_cpp
[0.694s] -- Found python_cmake_module: 0.11.1 (/opt/ros/jazzy/share/python_cmake_module/cmake)
[0.853s] -- Found Python3: /usr/bin/python3 (found version "3.12.3") found components: Interpreter Development NumPy Development.Module Development.Embed 
[0.875s] -- Found ament_lint_auto: 0.17.2 (/opt/ros/jazzy/share/ament_lint_auto/cmake)
[0.890s] -- Added test 'cppcheck' to perform static code analysis on C / C++ code
[0.891s] -- Configured cppcheck include dirs: $<BUILD_INTERFACE:/home/ieerasufcg/arena_ws/src/mocap_interfaces/build/mocap_interfaces/rosidl_generator_c>;$<BUILD_INTERFACE:/home/ieerasufcg/arena_ws/src/mocap_interfaces/build/mocap_interfaces/rosidl_typesupport_fastrtps_c>;$<BUILD_INTERFACE:/home/ieerasufcg/arena_ws/src/mocap_interfaces/build/mocap_interfaces/rosidl_typesupport_introspection_c>;$<BUILD_INTERFACE:/home/ieerasufcg/arena_ws/src/mocap_interfaces/build/mocap_interfaces/rosidl_generator_cpp>;$<BUILD_INTERFACE:/home/ieerasufcg/arena_ws/src/mocap_interfaces/build/mocap_interfaces/rosidl_typesupport_fastrtps_cpp>;$<BUILD_INTERFACE:/home/ieerasufcg/arena_ws/src/mocap_interfaces/build/mocap_interfaces/rosidl_typesupport_introspection_cpp>;/home/ieerasufcg/arena_ws/src/mocap_interfaces/build/mocap_interfaces/rosidl_generator_c;/home/ieerasufcg/arena_ws/src/mocap_interfaces/build/mocap_interfaces/rosidl_generator_py
[0.891s] -- Configured cppcheck exclude dirs and/or files: 
[0.892s] -- Added test 'flake8' to check Python code syntax and style conventions
[0.892s] -- Configured 'flake8' exclude dirs and/or files: 
[0.895s] -- Added test 'lint_cmake' to check CMake code style
[0.896s] -- Added test 'pep257' to check Python code against some of the docstring style conventions in PEP 257
[0.906s] -- Added test 'uncrustify' to check C / C++ code style
[0.906s] -- Configured uncrustify additional arguments: 
[0.907s] -- Added test 'xmllint' to check XML markup files
[0.908s] -- Configuring done (0.9s)
[0.935s] -- Generating done (0.0s)
[0.943s] -- Build files have been written to: /home/ieerasufcg/arena_ws/src/mocap_interfaces/build/mocap_interfaces
[0.968s] [  5%] Built target mocap_interfaces__rosidl_generator_type_description
[0.968s] [  5%] [32mBuilding CXX object CMakeFiles/webcam_node.dir/src/webcam_publisher_node.cpp.o[0m
[0.973s] [  5%] Built target ament_cmake_python_copy_mocap_interfaces
[0.980s] [  8%] Built target mocap_interfaces__cpp
[0.981s] [ 22%] Built target mocap_interfaces__rosidl_generator_c
[0.988s] [ 38%] [34m[1mGenerating C introspection for ROS interfaces[0m
[0.988s] [ 38%] [34m[1mGenerating C type support dispatch for ROS interfaces[0m
[0.988s] [ 38%] [34m[1mGenerating C type support for eProsima Fast-RTPS[0m
[0.988s] [ 38%] [34m[1mGenerating C++ type support for eProsima Fast-RTPS[0m
[0.988s] [ 38%] [34m[1mGenerating C++ type support dispatch for ROS interfaces[0m
[0.988s] [ 38%] [34m[1mGenerating C++ introspection for ROS interfaces[0m
[1.126s] [ 41%] [32mBuilding CXX object CMakeFiles/mocap_interfaces__rosidl_typesupport_cpp.dir/rosidl_typesupport_cpp/mocap_interfaces/msg/target__type_support.cpp.o[0m
[1.132s] [ 44%] [32mBuilding CXX object CMakeFiles/mocap_interfaces__rosidl_typesupport_c.dir/rosidl_typesupport_c/mocap_interfaces/msg/target__type_support.cpp.o[0m
[1.140s] [ 50%] [32mBuilding C object CMakeFiles/mocap_interfaces__rosidl_typesupport_introspection_c.dir/rosidl_typesupport_introspection_c/mocap_interfaces/msg/detail/target__type_support.c.o[0m
[1.140s] [ 50%] [32mBuilding CXX object CMakeFiles/mocap_interfaces__rosidl_typesupport_introspection_cpp.dir/rosidl_typesupport_introspection_cpp/mocap_interfaces/msg/detail/target__type_support.cpp.o[0m
[1.143s] running egg_info
[1.150s] [ 52%] [32mBuilding CXX object CMakeFiles/mocap_interfaces__rosidl_typesupport_fastrtps_cpp.dir/rosidl_typesupport_fastrtps_cpp/mocap_interfaces/msg/detail/dds_fastrtps/target__type_support.cpp.o[0m
[1.154s] [ 55%] [32mBuilding CXX object CMakeFiles/mocap_interfaces__rosidl_typesupport_fastrtps_c.dir/rosidl_typesupport_fastrtps_c/mocap_interfaces/msg/detail/target__type_support_c.cpp.o[0m
[1.159s] [ 58%] [32m[1mLinking CXX shared library libmocap_interfaces__rosidl_typesupport_c.so[0m
[1.161s] writing mocap_interfaces.egg-info/PKG-INFO
[1.161s] writing dependency_links to mocap_interfaces.egg-info/dependency_links.txt
[1.161s] writing top-level names to mocap_interfaces.egg-info/top_level.txt
[1.164s] [ 61%] [32m[1mLinking C shared library libmocap_interfaces__rosidl_typesupport_introspection_c.so[0m
[1.170s] [01m[K/home/ieerasufcg/arena_ws/src/mocap_interfaces/src/webcam_publisher_node.cpp:11:10:[m[K [01;31m[Kfatal error: [m[Kcv_bridge/cv_bridge.h: No such file or directory
[1.170s]    11 | #include [01;31m[K"cv_bridge/cv_bridge.h"[m[K
[1.170s]       |          [01;31m[K^~~~~~~~~~~~~~~~~~~~~~~[m[K
[1.170s] compilation terminated.
[1.173s] gmake[2]: *** [CMakeFiles/webcam_node.dir/build.make:76: CMakeFiles/webcam_node.dir/src/webcam_publisher_node.cpp.o] Error 1
[1.173s] gmake[1]: *** [CMakeFiles/Makefile2:183: CMakeFiles/webcam_node.dir/all] Error 2
[1.173s] gmake[1]: *** Waiting for unfinished jobs....
[1.185s] [ 61%] Built target mocap_interfaces__rosidl_typesupport_introspection_c
[1.185s] [ 61%] Built target mocap_interfaces__rosidl_typesupport_c
[1.212s] reading manifest file 'mocap_interfaces.egg-info/SOURCES.txt'
[1.212s] writing manifest file 'mocap_interfaces.egg-info/SOURCES.txt'
[1.234s] [ 61%] Built target ament_cmake_python_build_mocap_interfaces_egg
[1.317s] [ 63%] [32m[1mLinking CXX shared library libmocap_interfaces__rosidl_typesupport_cpp.so[0m
[1.333s] [ 66%] [32m[1mLinking CXX shared library libmocap_interfaces__rosidl_typesupport_introspection_cpp.so[0m
[1.343s] [ 66%] Built target mocap_interfaces__rosidl_typesupport_cpp
[1.372s] [ 66%] Built target mocap_interfaces__rosidl_typesupport_introspection_cpp
[1.429s] [ 72%] [32m[1mLinking CXX shared library libmocap_interfaces__rosidl_typesupport_fastrtps_c.so[0m
[1.429s] [ 72%] [32m[1mLinking CXX shared library libmocap_interfaces__rosidl_typesupport_fastrtps_cpp.so[0m
[1.474s] [ 72%] Built target mocap_interfaces__rosidl_typesupport_fastrtps_cpp
[1.474s] [ 72%] Built target mocap_interfaces__rosidl_typesupport_fastrtps_c
[1.475s] gmake: *** [Makefile:146: all] Error 2
[1.476s] Invoked command in '/home/ieerasufcg/arena_ws/src/mocap_interfaces/build/mocap_interfaces' returned '2': CMAKE_PREFIX_PATH=${CMAKE_PREFIX_PATH}:/home/ieerasufcg/arena_ws/install/system_logic:/home/ieerasufcg/arena_ws/src/system_logic/install/system_logic:/home/ieerasufcg/Documents/isaac-sim-standalone-5.0.0-linux-x86_64/IsaacSim-ros_workspaces/jazzy_ws/install/isaac_ros_navigation_goal:/opt/ros/jazzy DEBUGINFOD_URLS=https://debuginfod.ubuntu.com /usr/bin/cmake --build /home/ieerasufcg/arena_ws/src/mocap_interfaces/build/mocap_interfaces -- -j16 -l16
