[0.067s] DEBUG:colcon:Command line arguments: ['/usr/bin/colcon', 'build']
[0.067s] DEBUG:colcon:Parsed command line arguments: Namespace(log_base=None, log_level=None, verb_name='build', build_base='build', install_base='install', merge_install=False, symlink_install=False, test_result_base=None, continue_on_error=False, executor='parallel', parallel_workers=16, event_handlers=None, ignore_user_meta=False, metas=['./colcon.meta'], base_paths=['.'], packages_ignore=None, packages_ignore_regex=None, paths=None, packages_up_to=None, packages_up_to_regex=None, packages_above=None, packages_above_and_dependencies=None, packages_above_depth=None, packages_select_by_dep=None, packages_skip_by_dep=None, packages_skip_up_to=None, packages_select_build_failed=False, packages_skip_build_finished=False, packages_select_test_failures=False, packages_skip_test_passed=False, packages_select=None, packages_skip=None, packages_select_regex=None, packages_skip_regex=None, packages_start=None, packages_end=None, allow_overriding=[], cmake_args=None, cmake_target=None, cmake_target_skip_unavailable=False, cmake_clean_cache=False, cmake_clean_first=False, cmake_force_configure=False, ament_cmake_args=None, catkin_cmake_args=None, catkin_skip_building_tests=False, mixin_files=None, mixin=None, verb_parser=<colcon_mixin.mixin.mixin_argument.MixinArgumentDecorator object at 0x7afa859a1f10>, verb_extension=<colcon_core.verb.build.BuildVerb object at 0x7afa859a1c10>, main=<bound method BuildVerb.main of <colcon_core.verb.build.BuildVerb object at 0x7afa859a1c10>>, mixin_verb=('build',))
[0.090s] Level 1:colcon.colcon_core.package_discovery:discover_packages(colcon_meta) check parameters
[0.090s] Level 1:colcon.colcon_core.package_discovery:discover_packages(recursive) check parameters
[0.090s] Level 1:colcon.colcon_core.package_discovery:discover_packages(ignore) check parameters
[0.090s] Level 1:colcon.colcon_core.package_discovery:discover_packages(path) check parameters
[0.090s] Level 1:colcon.colcon_core.package_discovery:discover_packages(colcon_meta) discover
[0.090s] Level 1:colcon.colcon_core.package_discovery:discover_packages(recursive) discover
[0.090s] INFO:colcon.colcon_core.package_discovery:Crawling recursively for packages in '/home/ieerasufcg/arena_ws/src/system_logic'
[0.090s] Level 1:colcon.colcon_core.package_identification:_identify(.) by extensions ['ignore', 'ignore_ament_install']
[0.090s] Level 1:colcon.colcon_core.package_identification:_identify(.) by extension 'ignore'
[0.090s] Level 1:colcon.colcon_core.package_identification:_identify(.) by extension 'ignore_ament_install'
[0.090s] Level 1:colcon.colcon_core.package_identification:_identify(.) by extensions ['colcon_pkg']
[0.090s] Level 1:colcon.colcon_core.package_identification:_identify(.) by extension 'colcon_pkg'
[0.090s] Level 1:colcon.colcon_core.package_identification:_identify(.) by extensions ['colcon_meta']
[0.090s] Level 1:colcon.colcon_core.package_identification:_identify(.) by extension 'colcon_meta'
[0.090s] Level 1:colcon.colcon_core.package_identification:_identify(.) by extensions ['ros']
[0.090s] Level 1:colcon.colcon_core.package_identification:_identify(.) by extension 'ros'
[0.106s] DEBUG:colcon.colcon_core.package_identification:Package '.' with type 'ros.ament_python' and name 'system_logic'
[0.106s] Level 1:colcon.colcon_core.package_discovery:discover_packages(recursive) using defaults
[0.106s] Level 1:colcon.colcon_core.package_discovery:discover_packages(ignore) discover
[0.106s] Level 1:colcon.colcon_core.package_discovery:discover_packages(ignore) using defaults
[0.106s] Level 1:colcon.colcon_core.package_discovery:discover_packages(path) discover
[0.106s] Level 1:colcon.colcon_core.package_discovery:discover_packages(path) using defaults
[0.116s] Level 1:colcon.colcon_core.package_discovery:discover_packages(prefix_path) check parameters
[0.116s] Level 1:colcon.colcon_core.package_discovery:discover_packages(prefix_path) discover
[0.117s] DEBUG:colcon.colcon_installed_package_information.package_discovery:Found 1 installed packages in /home/ieerasufcg/arena_ws/install
[0.117s] DEBUG:colcon.colcon_installed_package_information.package_discovery:Found 10 installed packages in /home/ieerasufcg/Documents/isaac-sim-standalone-5.0.0-linux-x86_64/IsaacSim-ros_workspaces/jazzy_ws/install
[0.119s] DEBUG:colcon.colcon_installed_package_information.package_discovery:Found 479 installed packages in /opt/ros/jazzy
[0.120s] Level 1:colcon.colcon_core.package_discovery:discover_packages(prefix_path) using defaults
[0.155s] Level 5:colcon.colcon_core.verb:set package 'system_logic' build argument 'cmake_args' from command line to 'None'
[0.155s] Level 5:colcon.colcon_core.verb:set package 'system_logic' build argument 'cmake_target' from command line to 'None'
[0.155s] Level 5:colcon.colcon_core.verb:set package 'system_logic' build argument 'cmake_target_skip_unavailable' from command line to 'False'
[0.155s] Level 5:colcon.colcon_core.verb:set package 'system_logic' build argument 'cmake_clean_cache' from command line to 'False'
[0.155s] Level 5:colcon.colcon_core.verb:set package 'system_logic' build argument 'cmake_clean_first' from command line to 'False'
[0.155s] Level 5:colcon.colcon_core.verb:set package 'system_logic' build argument 'cmake_force_configure' from command line to 'False'
[0.155s] Level 5:colcon.colcon_core.verb:set package 'system_logic' build argument 'ament_cmake_args' from command line to 'None'
[0.155s] Level 5:colcon.colcon_core.verb:set package 'system_logic' build argument 'catkin_cmake_args' from command line to 'None'
[0.155s] Level 5:colcon.colcon_core.verb:set package 'system_logic' build argument 'catkin_skip_building_tests' from command line to 'False'
[0.155s] DEBUG:colcon.colcon_core.verb:Building package 'system_logic' with the following arguments: {'ament_cmake_args': None, 'build_base': '/home/ieerasufcg/arena_ws/src/system_logic/build/system_logic', 'catkin_cmake_args': None, 'catkin_skip_building_tests': False, 'cmake_args': None, 'cmake_clean_cache': False, 'cmake_clean_first': False, 'cmake_force_configure': False, 'cmake_target': None, 'cmake_target_skip_unavailable': False, 'install_base': '/home/ieerasufcg/arena_ws/src/system_logic/install/system_logic', 'merge_install': False, 'path': '/home/ieerasufcg/arena_ws/src/system_logic', 'symlink_install': False, 'test_result_base': None}
[0.155s] INFO:colcon.colcon_core.executor:Executing jobs using 'parallel' executor
[0.156s] DEBUG:colcon.colcon_parallel_executor.executor.parallel:run_until_complete
[0.156s] INFO:colcon.colcon_ros.task.ament_python.build:Building ROS package in '/home/ieerasufcg/arena_ws/src/system_logic' with build type 'ament_python'
[0.156s] Level 1:colcon.colcon_core.shell:create_environment_hook('system_logic', 'ament_prefix_path')
[0.157s] INFO:colcon.colcon_core.plugin_system:Skipping extension 'colcon_core.shell.bat': Not used on non-Windows systems
[0.157s] INFO:colcon.colcon_core.shell:Creating environment hook '/home/ieerasufcg/arena_ws/src/system_logic/install/system_logic/share/system_logic/hook/ament_prefix_path.ps1'
[0.158s] INFO:colcon.colcon_core.shell:Creating environment descriptor '/home/ieerasufcg/arena_ws/src/system_logic/install/system_logic/share/system_logic/hook/ament_prefix_path.dsv'
[0.158s] INFO:colcon.colcon_core.shell:Creating environment hook '/home/ieerasufcg/arena_ws/src/system_logic/install/system_logic/share/system_logic/hook/ament_prefix_path.sh'
[0.159s] INFO:colcon.colcon_core.shell:Skip shell extension 'powershell' for command environment: Not usable outside of PowerShell
[0.159s] DEBUG:colcon.colcon_core.shell:Skip shell extension 'dsv' for command environment
[0.294s] INFO:colcon.colcon_core.task.python.build:Building Python package in '/home/ieerasufcg/arena_ws/src/system_logic'
[0.294s] INFO:colcon.colcon_core.shell:Skip shell extension 'powershell' for command environment: Not usable outside of PowerShell
[0.294s] DEBUG:colcon.colcon_core.shell:Skip shell extension 'dsv' for command environment
[0.788s] DEBUG:colcon.colcon_core.event_handler.log_command:Invoking command in '/home/ieerasufcg/arena_ws/src/system_logic': DEBUGINFOD_URLS=https://debuginfod.ubuntu.com PYTHONPATH=/home/ieerasufcg/arena_ws/src/system_logic/build/system_logic/prefix_override:/usr/lib/python3/dist-packages/colcon_core/task/python/colcon_distutils_commands:/home/ieerasufcg/arena_ws/src/system_logic/install/system_logic/lib/python3.12/site-packages:${PYTHONPATH} /usr/bin/python3 -W ignore:setup.py install is deprecated -W ignore:easy_install command is deprecated setup.py egg_info --egg-base build/system_logic build --build-base /home/ieerasufcg/arena_ws/src/system_logic/build/system_logic/build install --record /home/ieerasufcg/arena_ws/src/system_logic/build/system_logic/install.log --single-version-externally-managed install_data
[1.132s] DEBUG:colcon.colcon_core.event_handler.log_command:Invoked command in '/home/ieerasufcg/arena_ws/src/system_logic' returned '0': DEBUGINFOD_URLS=https://debuginfod.ubuntu.com PYTHONPATH=/home/ieerasufcg/arena_ws/src/system_logic/build/system_logic/prefix_override:/usr/lib/python3/dist-packages/colcon_core/task/python/colcon_distutils_commands:/home/ieerasufcg/arena_ws/src/system_logic/install/system_logic/lib/python3.12/site-packages:${PYTHONPATH} /usr/bin/python3 -W ignore:setup.py install is deprecated -W ignore:easy_install command is deprecated setup.py egg_info --egg-base build/system_logic build --build-base /home/ieerasufcg/arena_ws/src/system_logic/build/system_logic/build install --record /home/ieerasufcg/arena_ws/src/system_logic/build/system_logic/install.log --single-version-externally-managed install_data
[1.134s] Level 1:colcon.colcon_core.environment:checking '/home/ieerasufcg/arena_ws/src/system_logic/install/system_logic' for CMake module files
[1.134s] Level 1:colcon.colcon_core.environment:checking '/home/ieerasufcg/arena_ws/src/system_logic/install/system_logic' for CMake config files
[1.134s] Level 1:colcon.colcon_core.environment:checking '/home/ieerasufcg/arena_ws/src/system_logic/install/system_logic/lib'
[1.134s] Level 1:colcon.colcon_core.environment:checking '/home/ieerasufcg/arena_ws/src/system_logic/install/system_logic/bin'
[1.134s] Level 1:colcon.colcon_core.environment:checking '/home/ieerasufcg/arena_ws/src/system_logic/install/system_logic/lib/pkgconfig/system_logic.pc'
[1.134s] Level 1:colcon.colcon_core.environment:checking '/home/ieerasufcg/arena_ws/src/system_logic/install/system_logic/lib/python3.12/site-packages'
[1.135s] Level 1:colcon.colcon_core.shell:create_environment_hook('system_logic', 'pythonpath')
[1.135s] INFO:colcon.colcon_core.shell:Creating environment hook '/home/ieerasufcg/arena_ws/src/system_logic/install/system_logic/share/system_logic/hook/pythonpath.ps1'
[1.135s] INFO:colcon.colcon_core.shell:Creating environment descriptor '/home/ieerasufcg/arena_ws/src/system_logic/install/system_logic/share/system_logic/hook/pythonpath.dsv'
[1.135s] INFO:colcon.colcon_core.shell:Creating environment hook '/home/ieerasufcg/arena_ws/src/system_logic/install/system_logic/share/system_logic/hook/pythonpath.sh'
[1.135s] Level 1:colcon.colcon_core.environment:checking '/home/ieerasufcg/arena_ws/src/system_logic/install/system_logic/bin'
[1.135s] Level 1:colcon.colcon_core.environment:create_environment_scripts_only(system_logic)
[1.135s] INFO:colcon.colcon_core.shell:Creating package script '/home/ieerasufcg/arena_ws/src/system_logic/install/system_logic/share/system_logic/package.ps1'
[1.136s] INFO:colcon.colcon_core.shell:Creating package descriptor '/home/ieerasufcg/arena_ws/src/system_logic/install/system_logic/share/system_logic/package.dsv'
[1.136s] INFO:colcon.colcon_core.shell:Creating package script '/home/ieerasufcg/arena_ws/src/system_logic/install/system_logic/share/system_logic/package.sh'
[1.136s] INFO:colcon.colcon_core.shell:Creating package script '/home/ieerasufcg/arena_ws/src/system_logic/install/system_logic/share/system_logic/package.bash'
[1.143s] INFO:colcon.colcon_core.shell:Creating package script '/home/ieerasufcg/arena_ws/src/system_logic/install/system_logic/share/system_logic/package.zsh'
[1.143s] Level 1:colcon.colcon_core.environment:create_file_with_runtime_dependencies(/home/ieerasufcg/arena_ws/src/system_logic/install/system_logic/share/colcon-core/packages/system_logic)
[1.143s] DEBUG:colcon.colcon_parallel_executor.executor.parallel:closing loop
[1.144s] DEBUG:colcon.colcon_parallel_executor.executor.parallel:loop closed
[1.144s] DEBUG:colcon.colcon_parallel_executor.executor.parallel:run_until_complete finished with '0'
[1.144s] DEBUG:colcon.colcon_core.event_reactor:joining thread
[1.147s] INFO:colcon.colcon_core.plugin_system:Skipping extension 'colcon_notification.desktop_notification.terminal_notifier': Not used on non-Darwin systems
[1.147s] INFO:colcon.colcon_core.plugin_system:Skipping extension 'colcon_notification.desktop_notification.win32': Not used on non-Windows systems
[1.147s] INFO:colcon.colcon_notification.desktop_notification:Sending desktop notification using 'notify2'
[1.167s] DEBUG:colcon.colcon_core.event_reactor:joined thread
[1.167s] INFO:colcon.colcon_core.shell:Creating prefix script '/home/ieerasufcg/arena_ws/src/system_logic/install/local_setup.ps1'
[1.168s] INFO:colcon.colcon_core.shell:Creating prefix util module '/home/ieerasufcg/arena_ws/src/system_logic/install/_local_setup_util_ps1.py'
[1.169s] INFO:colcon.colcon_core.shell:Creating prefix chain script '/home/ieerasufcg/arena_ws/src/system_logic/install/setup.ps1'
[1.169s] INFO:colcon.colcon_core.shell:Creating prefix script '/home/ieerasufcg/arena_ws/src/system_logic/install/local_setup.sh'
[1.170s] INFO:colcon.colcon_core.shell:Creating prefix util module '/home/ieerasufcg/arena_ws/src/system_logic/install/_local_setup_util_sh.py'
[1.170s] INFO:colcon.colcon_core.shell:Creating prefix chain script '/home/ieerasufcg/arena_ws/src/system_logic/install/setup.sh'
[1.171s] INFO:colcon.colcon_core.shell:Creating prefix script '/home/ieerasufcg/arena_ws/src/system_logic/install/local_setup.bash'
[1.171s] INFO:colcon.colcon_core.shell:Creating prefix chain script '/home/ieerasufcg/arena_ws/src/system_logic/install/setup.bash'
[1.171s] INFO:colcon.colcon_core.shell:Creating prefix script '/home/ieerasufcg/arena_ws/src/system_logic/install/local_setup.zsh'
[1.172s] INFO:colcon.colcon_core.shell:Creating prefix chain script '/home/ieerasufcg/arena_ws/src/system_logic/install/setup.zsh'
