running egg_info
writing build/system_logic/system_logic.egg-info/PKG-INFO
writing dependency_links to build/system_logic/system_logic.egg-info/dependency_links.txt
writing entry points to build/system_logic/system_logic.egg-info/entry_points.txt
writing requirements to build/system_logic/system_logic.egg-info/requires.txt
writing top-level names to build/system_logic/system_logic.egg-info/top_level.txt
reading manifest file 'build/system_logic/system_logic.egg-info/SOURCES.txt'
writing manifest file 'build/system_logic/system_logic.egg-info/SOURCES.txt'
running build
running build_py
running install
running install_lib
running install_data
running install_egg_info
removing '/home/ieerasufcg/arena_ws/src/system_logic/install/system_logic/lib/python3.12/site-packages/system_logic-0.0.0-py3.12.egg-info' (and everything under it)
Copying build/system_logic/system_logic.egg-info to /home/ieerasufcg/arena_ws/src/system_logic/install/system_logic/lib/python3.12/site-packages/system_logic-0.0.0-py3.12.egg-info
running install_scripts
Installing target_detector script to /home/ieerasufcg/arena_ws/src/system_logic/install/system_logic/lib/system_logic
Installing target_processor script to /home/ieerasufcg/arena_ws/src/system_logic/install/system_logic/lib/system_logic
writing list of installed files to '/home/ieerasufcg/arena_ws/src/system_logic/build/system_logic/install.log'
